This is pdfTeX, Version 3.1415926-2.4-1.40.13 (TeX Live 2012/Debian) (format=pdflatex 2014.8.25)  17 MAR 2015 12:47
entering extended mode
 restricted \write18 enabled.
 %&-line parsing enabled.
**thesis.tex
(./thesis.tex
LaTeX2e <2011/06/27>
Babel <v3.8m> and hyphenation patterns for english, dumylang, nohyphenation, lo
aded.
(/usr/share/texlive/texmf-dist/tex/latex/memoir/memoir.cls
Document Class: memoir 2011/03/06 v3.6j configurable book, report, article docu
ment class
\onelineskip=\skip41
\lxvchars=\skip42
\xlvchars=\skip43
\@memcnta=\count79
\c@@memmarkcntra=\count80
(/usr/share/texlive/texmf-dist/tex/generic/oberdiek/ifpdf.sty
Package: ifpdf 2011/01/30 v2.3 Provides the ifpdf switch (HO)
Package ifpdf Info: pdfTeX in PDF mode is detected.
)
Class memoir Info: An `ifetex' package is being emulated on input line 251.

(/usr/share/texlive/texmf-dist/tex/generic/ifxetex/ifxetex.sty
Package: ifxetex 2010/09/12 v0.6 Provides ifxetex conditional
)
(/usr/share/texlive/texmf-dist/tex/generic/oberdiek/ifluatex.sty
Package: ifluatex 2010/03/01 v1.3 Provides the ifluatex switch (HO)
Package ifluatex Info: LuaTeX not detected.
)
\stockheight=\skip44
\stockwidth=\skip45
\trimtop=\skip46
\trimedge=\skip47

(/usr/share/texlive/texmf-dist/tex/latex/etex-pkg/etex.sty
Package: etex 1998/03/26 v2.0 eTeX basic definition package (PEB)
\et@xins=\count81
)
(/usr/share/texlive/texmf-dist/tex/latex/memoir/mem12.clo
File: mem12.clo 2010/10/19 v0.4b memoir class 12pt size option
)
\binding=\skip48
\spinemargin=\skip49
\foremargin=\skip50
\uppermargin=\skip51
\lowermargin=\skip52
\headdrop=\skip53
\normalrulethickness=\skip54
\mem@maxheadheight=\skip55
\mem@maxfootheight=\skip56
\headwidth=\skip57
\c@storedpagenumber=\count82
\memPD=\dimen102
\m@mabparskip=\skip58
\thanksmarkwidth=\skip59
\thanksmarksep=\skip60
\droptitle=\skip61
\c@book=\count83
\c@part=\count84
\c@chapter=\count85
\c@section=\count86
\c@subsection=\count87
\c@subsubsection=\count88
\c@paragraph=\count89
\c@subparagraph=\count90
\beforechapskip=\skip62
\midchapskip=\skip63
\afterchapskip=\skip64
\chapindent=\skip65
\bottomsectionskip=\skip66
\secindent=\skip67
\beforesecskip=\skip68
\aftersecskip=\skip69
\subsecindent=\skip70
\beforesubsecskip=\skip71
\aftersubsecskip=\skip72
\subsubsecindent=\skip73
\beforesubsubsecskip=\skip74
\aftersubsubsecskip=\skip75
\paraindent=\skip76
\beforeparaskip=\skip77
\afterparaskip=\skip78
\subparaindent=\skip79
\beforesubparaskip=\skip80
\aftersubparaskip=\skip81
\pfbreakskip=\skip82
\c@@ppsavesec=\count91
\c@@ppsaveapp=\count92
\ragrparindent=\dimen103
\everylistparindent=\dimen104
\parsepi=\skip83
\topsepi=\skip84
\itemsepi=\skip85
\parsepii=\skip86
\topsepii=\skip87
\topsepiii=\skip88
\itemsepii=\skip89
\itemsepiii=\skip90
\partopsepii=\skip91
\partopsepiii=\skip92
\m@msavetopsep=\skip93
\m@msavepartopsep=\skip94
\@enLab=\toks14
\abstitleskip=\skip95
\absleftindent=\skip96
\abs@leftindent=\dimen105
\absrightindent=\skip97
\absparindent=\skip98
\absparsep=\skip99
\c@vslineno=\count93
\c@poemline=\count94
\c@modulo@vs=\count95
\c@memfvsline=\count96
\vleftskip=\skip100
\vrightskip=\skip101
\stanzaskip=\skip102
\versewidth=\skip103
\vgap=\skip104
\vindent=\skip105
\vleftmargin=\dimen106
\c@verse=\count97
\c@chrsinstr=\count98
\beforepoemtitleskip=\skip106
\afterpoemtitleskip=\skip107
\c@poem=\count99
\beforePoemTitleskip=\skip108
\midPoemTitleskip=\skip109
\afterPoemTitleskip=\skip110
\col@sep=\dimen107
\extrarowheight=\dimen108
\NC@list=\toks15
\extratabsurround=\skip111
\backup@length=\skip112
\TX@col@width=\dimen109
\TX@old@table=\dimen110
\TX@old@col=\dimen111
\TX@target=\dimen112
\TX@delta=\dimen113
\TX@cols=\count100
\TX@ftn=\toks16
\heavyrulewidth=\dimen114
\lightrulewidth=\dimen115
\cmidrulewidth=\dimen116
\belowrulesep=\dimen117
\belowbottomsep=\dimen118
\aboverulesep=\dimen119
\abovetopsep=\dimen120
\cmidrulesep=\dimen121
\cmidrulekern=\dimen122
\defaultaddspace=\dimen123
\@cmidla=\count101
\@cmidlb=\count102
\@aboverulesep=\dimen124
\@belowrulesep=\dimen125
\@thisruleclass=\count103
\@lastruleclass=\count104
\@thisrulewidth=\dimen126
\ctableftskip=\skip113
\ctabrightskip=\skip114
\abovecolumnspenalty=\count105
\@linestogo=\count106
\@cellstogo=\count107
\@cellsincolumn=\count108
\crtok=\toks17
\@mincolumnwidth=\dimen127
\c@newflo@tctr=\count109
\mem@margin@floatbox=\box26
\@contcwidth=\skip115
\@contindw=\skip116
\abovecaptionskip=\skip117
\belowcaptionskip=\skip118
\subfloattopskip=\skip119
\subfloatcapskip=\skip120
\subfloatcaptopadj=\skip121
\subfloatbottomskip=\skip122
\subfloatlabelskip=\skip123
\subfloatcapmargin=\dimen128
\c@@contsubnum=\count110
\m@mscap@capbox=\box27
\m@mscap@fbox=\box28
\sidecapsep=\dimen129
\sidecapwidth=\dimen130
\m@m@tempdima=\dimen131
\m@mscapraise=\dimen132
\sidecapraise=\dimen133
\m@mscapmainwidth=\dimen134
\m@mscaplkern=\dimen135
\beforeepigraphskip=\skip124
\afterepigraphskip=\skip125
\epigraphwidth=\skip126
\epigraphrule=\skip127
LaTeX Info: Redefining \em on input line 7377.
LaTeX Info: Redefining \emph on input line 7385.
\tocentryskip=\skip128
\tocbaseline=\skip129
\cftparskip=\skip130
\cftbeforebookskip=\skip131
\cftbookindent=\dimen136
\cftbooknumwidth=\dimen137
\cftbeforepartskip=\skip132
\cftpartindent=\skip133
\cftpartnumwidth=\skip134
\cftbeforechapterskip=\skip135
\cftchapterindent=\skip136
\cftchapternumwidth=\skip137
\cftbeforesectionskip=\skip138
\cftsectionindent=\skip139
\cftsectionnumwidth=\skip140
\cftbeforesubsectionskip=\skip141
\cftsubsectionindent=\skip142
\cftsubsectionnumwidth=\skip143
\cftbeforesubsubsectionskip=\skip144
\cftsubsubsectionindent=\skip145
\cftsubsubsectionnumwidth=\skip146
\cftbeforeparagraphskip=\skip147
\cftparagraphindent=\skip148
\cftparagraphnumwidth=\skip149
\cftbeforesubparagraphskip=\skip150
\cftsubparagraphindent=\skip151
\cftsubparagraphnumwidth=\skip152
\prechapterprecisshift=\dimen138
\c@maxsecnumdepth=\count111
\bibindent=\dimen139
\bibitemsep=\skip153
\indexcolsep=\skip154
\indexrule=\skip155
\indexmarkstyle=\toks18
\@indexbox=\insert233
\glossarycolsep=\dimen140
\glossaryrule=\dimen141
\sideparvshift=\skip156
\sideins=\insert232
\sidebartopsep=\skip157
\sidebarhsep=\skip158
\sidebarvsep=\skip159
\sidebarwidth=\skip160
\footmarkwidth=\skip161
\footmarksep=\skip162
\footparindent=\skip163
\footinsdim=\skip164
\footinsv@r=\insert231
\@mpfootinsv@r=\insert230
\m@m@k=\count112
\m@m@h=\dimen142
\m@mipn@skip=\skip165
\sidefootins=\insert229
\sidefootadjust=\skip166
\sidefootheight=\skip167
\sidefoothsep=\skip168
\sidefootvsep=\skip169
\sidefootwidth=\skip170
\m@mdownsf=\skip171
\c@sidefootnote=\count113
\sidefootmarkwidth=\skip172
\sidefootmarksep=\skip173
\sidefootparindent=\skip174
\c@pagenote=\count114
\c@pagenoteshadow=\count115
\mem@pn@lastkern=\skip175
\every@verbatim=\toks19
\afterevery@verbatim=\toks20
\verbatim@line=\toks21
\tab@position=\count116
\verbatim@in@stream=\read1
\verbatimindent=\skip176
\verbatim@out=\write3
\bvboxsep=\skip177
\c@memfbvline=\count117
\c@bvlinectr=\count118
\bvnumlength=\skip178
\fb@frw=\dimen143
\fb@frh=\dimen144
\FrameRule=\dimen145
\FrameSep=\dimen146
\c@cp@cntr=\count119
LaTeX Info: Redefining \: on input line 11807.
LaTeX Info: Redefining \! on input line 11809.
\c@ism@mctr=\count120
\c@xsm@mctr=\count121
\c@csm@mctr=\count122
\c@ksm@mctr=\count123
\c@xksm@mctr=\count124
\c@cksm@mctr=\count125
\c@msm@mctr=\count126
\c@xmsm@mctr=\count127
\c@cmsm@mctr=\count128
\c@bsm@mctr=\count129
\c@workm@mctr=\count130
\c@sheetsequence=\count131
\c@lastsheet=\count132
\c@lastpage=\count133
\c@figure=\count134
\c@lofdepth=\count135
\cftbeforefigureskip=\skip179
\cftfigureindent=\skip180
\cftfigurenumwidth=\skip181
\c@table=\count136
\c@lotdepth=\count137
\cftbeforetableskip=\skip182
\cfttableindent=\skip183
\cfttablenumwidth=\skip184
Package abstract [2008/07/23] emulated by memoir.
Package appendix [2008/07/23] emulated by memoir.
Package array [2008/07/23] emulated by memoir.
Package booktabs [2008/07/23] emulated by memoir.
Package ccaption [2008/07/23] emulated by memoir.
Package changepage [2008/07/23] emulated by memoir.
Package chngcntr [2008/07/23] emulated by memoir.
Package chngpage [2008/07/23] emulated by memoir.
Package crop emulated by memoir.
Package dcolumn [2008/07/23] emulated by memoir.
Package delarray [2008/07/23] emulated by memoir.
Package enumerate [2008/07/23] emulated by memoir.
Package epigraph [2008/07/23] emulated by memoir.
Package ifmtarg [2008/07/23] emulated by memoir.
Package ifetex [2008/07/23] emulated by memoir.
Package index [2008/07/23] emulated by memoir.
Package makeidx [2008/07/23] emulated by memoir.
Package moreverb [2008/07/23] emulated by memoir.
Package mparhack [2008/07/23] emulated by memoir.
Package needspace [2008/07/23] emulated by memoir.
Package newfile [2008/07/23] emulated by memoir.
Package nextpage [2008/07/23] emulated by memoir.
Package pagenote [2008/07/23] emulated by memoir.
Package parskip [2008/07/23] emulated by memoir.
Package patchcmd [2008/07/23] emulated by memoir.
Package setspace [2008/07/23] emulated by memoir.
Package shortvrb [2008/07/23] emulated by memoir.
Package showidx [2008/07/23] emulated by memoir.
Package tabularx [2008/07/23] emulated by memoir.
Package titleref [2008/07/23] emulated by memoir.
Package titling [2008/07/23] emulated by memoir.
Package tocbibind [2008/07/23] emulated by memoir.
Package tocloft [2008/07/23] emulated by memoir.
Package tocvsec2 [2008/07/23] emulated by memoir.
Package verbatim [2008/07/23] emulated by memoir.
Package verse [2008/07/23] emulated by memoir.

(/usr/share/texlive/texmf-dist/tex/latex/memoir/mempatch.sty
Package: mempatch 2009/07/24 v6.0f Patches for memoir class v1.6180339
)) (./TUINFDA.sty
Package: TUINFDA 2010/03/20 v1.1 TU INF DA style file

2010/03/20 v1.1 TU INF DA style file
(/usr/share/texlive/texmf-dist/tex/latex/base/fontenc.sty
Package: fontenc 2005/09/27 v1.99g Standard LaTeX package

(/usr/share/texlive/texmf-dist/tex/latex/base/t1enc.def
File: t1enc.def 2005/09/27 v1.99g Standard LaTeX file
LaTeX Font Info:    Redeclaring font encoding T1 on input line 43.
))
(/usr/share/texlive/texmf-dist/tex/latex/psnfss/helvet.sty
Package: helvet 2005/04/12 PSNFSS-v9.2a (WaS) 

(/usr/share/texlive/texmf-dist/tex/latex/graphics/keyval.sty
Package: keyval 1999/03/16 v1.13 key=value parser (DPC)
\KV@toks@=\toks22
))
(/usr/share/texlive/texmf-dist/tex/latex/psnfss/times.sty
Package: times 2005/04/12 PSNFSS-v9.2a (SPQR) 
)
(/usr/share/texlive/texmf-dist/tex/latex/psnfss/courier.sty
Package: courier 2005/04/12 PSNFSS-v9.2a (WaS) 
)
(/usr/share/texlive/texmf-dist/tex/latex/amsfonts/amssymb.sty
Package: amssymb 2009/06/22 v3.00

(/usr/share/texlive/texmf-dist/tex/latex/amsfonts/amsfonts.sty
Package: amsfonts 2009/06/22 v3.00 Basic AMSFonts support
\@emptytoks=\toks23
\symAMSa=\mathgroup4
\symAMSb=\mathgroup5
LaTeX Font Info:    Overwriting math alphabet `\mathfrak' in version `bold'
(Font)                  U/euf/m/n --> U/euf/b/n on input line 96.
))
(/usr/share/texlive/texmf-dist/tex/latex/base/inputenc.sty
Package: inputenc 2008/03/30 v1.1d Input encoding file
\inpenc@prehook=\toks24
\inpenc@posthook=\toks25

(/usr/share/texlive/texmf-dist/tex/latex/base/utf8.def
File: utf8.def 2008/04/05 v1.1m UTF-8 support for inputenc
Now handling font encoding OML ...
... no UTF-8 mapping file for font encoding OML
Now handling font encoding T1 ...
... processing UTF-8 mapping file for font encoding T1

(/usr/share/texlive/texmf-dist/tex/latex/base/t1enc.dfu
File: t1enc.dfu 2008/04/05 v1.1m UTF-8 support for inputenc
   defining Unicode char U+00A1 (decimal 161)
   defining Unicode char U+00A3 (decimal 163)
   defining Unicode char U+00AB (decimal 171)
   defining Unicode char U+00BB (decimal 187)
   defining Unicode char U+00BF (decimal 191)
   defining Unicode char U+00C0 (decimal 192)
   defining Unicode char U+00C1 (decimal 193)
   defining Unicode char U+00C2 (decimal 194)
   defining Unicode char U+00C3 (decimal 195)
   defining Unicode char U+00C4 (decimal 196)
   defining Unicode char U+00C5 (decimal 197)
   defining Unicode char U+00C6 (decimal 198)
   defining Unicode char U+00C7 (decimal 199)
   defining Unicode char U+00C8 (decimal 200)
   defining Unicode char U+00C9 (decimal 201)
   defining Unicode char U+00CA (decimal 202)
   defining Unicode char U+00CB (decimal 203)
   defining Unicode char U+00CC (decimal 204)
   defining Unicode char U+00CD (decimal 205)
   defining Unicode char U+00CE (decimal 206)
   defining Unicode char U+00CF (decimal 207)
   defining Unicode char U+00D0 (decimal 208)
   defining Unicode char U+00D1 (decimal 209)
   defining Unicode char U+00D2 (decimal 210)
   defining Unicode char U+00D3 (decimal 211)
   defining Unicode char U+00D4 (decimal 212)
   defining Unicode char U+00D5 (decimal 213)
   defining Unicode char U+00D6 (decimal 214)
   defining Unicode char U+00D8 (decimal 216)
   defining Unicode char U+00D9 (decimal 217)
   defining Unicode char U+00DA (decimal 218)
   defining Unicode char U+00DB (decimal 219)
   defining Unicode char U+00DC (decimal 220)
   defining Unicode char U+00DD (decimal 221)
   defining Unicode char U+00DE (decimal 222)
   defining Unicode char U+00DF (decimal 223)
   defining Unicode char U+00E0 (decimal 224)
   defining Unicode char U+00E1 (decimal 225)
   defining Unicode char U+00E2 (decimal 226)
   defining Unicode char U+00E3 (decimal 227)
   defining Unicode char U+00E4 (decimal 228)
   defining Unicode char U+00E5 (decimal 229)
   defining Unicode char U+00E6 (decimal 230)
   defining Unicode char U+00E7 (decimal 231)
   defining Unicode char U+00E8 (decimal 232)
   defining Unicode char U+00E9 (decimal 233)
   defining Unicode char U+00EA (decimal 234)
   defining Unicode char U+00EB (decimal 235)
   defining Unicode char U+00EC (decimal 236)
   defining Unicode char U+00ED (decimal 237)
   defining Unicode char U+00EE (decimal 238)
   defining Unicode char U+00EF (decimal 239)
   defining Unicode char U+00F0 (decimal 240)
   defining Unicode char U+00F1 (decimal 241)
   defining Unicode char U+00F2 (decimal 242)
   defining Unicode char U+00F3 (decimal 243)
   defining Unicode char U+00F4 (decimal 244)
   defining Unicode char U+00F5 (decimal 245)
   defining Unicode char U+00F6 (decimal 246)
   defining Unicode char U+00F8 (decimal 248)
   defining Unicode char U+00F9 (decimal 249)
   defining Unicode char U+00FA (decimal 250)
   defining Unicode char U+00FB (decimal 251)
   defining Unicode char U+00FC (decimal 252)
   defining Unicode char U+00FD (decimal 253)
   defining Unicode char U+00FE (decimal 254)
   defining Unicode char U+00FF (decimal 255)
   defining Unicode char U+0102 (decimal 258)
   defining Unicode char U+0103 (decimal 259)
   defining Unicode char U+0104 (decimal 260)
   defining Unicode char U+0105 (decimal 261)
   defining Unicode char U+0106 (decimal 262)
   defining Unicode char U+0107 (decimal 263)
   defining Unicode char U+010C (decimal 268)
   defining Unicode char U+010D (decimal 269)
   defining Unicode char U+010E (decimal 270)
   defining Unicode char U+010F (decimal 271)
   defining Unicode char U+0110 (decimal 272)
   defining Unicode char U+0111 (decimal 273)
   defining Unicode char U+0118 (decimal 280)
   defining Unicode char U+0119 (decimal 281)
   defining Unicode char U+011A (decimal 282)
   defining Unicode char U+011B (decimal 283)
   defining Unicode char U+011E (decimal 286)
   defining Unicode char U+011F (decimal 287)
   defining Unicode char U+0130 (decimal 304)
   defining Unicode char U+0131 (decimal 305)
   defining Unicode char U+0132 (decimal 306)
   defining Unicode char U+0133 (decimal 307)
   defining Unicode char U+0139 (decimal 313)
   defining Unicode char U+013A (decimal 314)
   defining Unicode char U+013D (decimal 317)
   defining Unicode char U+013E (decimal 318)
   defining Unicode char U+0141 (decimal 321)
   defining Unicode char U+0142 (decimal 322)
   defining Unicode char U+0143 (decimal 323)
   defining Unicode char U+0144 (decimal 324)
   defining Unicode char U+0147 (decimal 327)
   defining Unicode char U+0148 (decimal 328)
   defining Unicode char U+014A (decimal 330)
   defining Unicode char U+014B (decimal 331)
   defining Unicode char U+0150 (decimal 336)
   defining Unicode char U+0151 (decimal 337)
   defining Unicode char U+0152 (decimal 338)
   defining Unicode char U+0153 (decimal 339)
   defining Unicode char U+0154 (decimal 340)
   defining Unicode char U+0155 (decimal 341)
   defining Unicode char U+0158 (decimal 344)
   defining Unicode char U+0159 (decimal 345)
   defining Unicode char U+015A (decimal 346)
   defining Unicode char U+015B (decimal 347)
   defining Unicode char U+015E (decimal 350)
   defining Unicode char U+015F (decimal 351)
   defining Unicode char U+0160 (decimal 352)
   defining Unicode char U+0161 (decimal 353)
   defining Unicode char U+0162 (decimal 354)
   defining Unicode char U+0163 (decimal 355)
   defining Unicode char U+0164 (decimal 356)
   defining Unicode char U+0165 (decimal 357)
   defining Unicode char U+016E (decimal 366)
   defining Unicode char U+016F (decimal 367)
   defining Unicode char U+0170 (decimal 368)
   defining Unicode char U+0171 (decimal 369)
   defining Unicode char U+0178 (decimal 376)
   defining Unicode char U+0179 (decimal 377)
   defining Unicode char U+017A (decimal 378)
   defining Unicode char U+017B (decimal 379)
   defining Unicode char U+017C (decimal 380)
   defining Unicode char U+017D (decimal 381)
   defining Unicode char U+017E (decimal 382)
   defining Unicode char U+200C (decimal 8204)
   defining Unicode char U+2013 (decimal 8211)
   defining Unicode char U+2014 (decimal 8212)
   defining Unicode char U+2018 (decimal 8216)
   defining Unicode char U+2019 (decimal 8217)
   defining Unicode char U+201A (decimal 8218)
   defining Unicode char U+201C (decimal 8220)
   defining Unicode char U+201D (decimal 8221)
   defining Unicode char U+201E (decimal 8222)
   defining Unicode char U+2030 (decimal 8240)
   defining Unicode char U+2031 (decimal 8241)
   defining Unicode char U+2039 (decimal 8249)
   defining Unicode char U+203A (decimal 8250)
   defining Unicode char U+2423 (decimal 9251)
)
Now handling font encoding OT1 ...
... processing UTF-8 mapping file for font encoding OT1

(/usr/share/texlive/texmf-dist/tex/latex/base/ot1enc.dfu
File: ot1enc.dfu 2008/04/05 v1.1m UTF-8 support for inputenc
   defining Unicode char U+00A1 (decimal 161)
   defining Unicode char U+00A3 (decimal 163)
   defining Unicode char U+00B8 (decimal 184)
   defining Unicode char U+00BF (decimal 191)
   defining Unicode char U+00C5 (decimal 197)
   defining Unicode char U+00C6 (decimal 198)
   defining Unicode char U+00D8 (decimal 216)
   defining Unicode char U+00DF (decimal 223)
   defining Unicode char U+00E6 (decimal 230)
   defining Unicode char U+00EC (decimal 236)
   defining Unicode char U+00ED (decimal 237)
   defining Unicode char U+00EE (decimal 238)
   defining Unicode char U+00EF (decimal 239)
   defining Unicode char U+00F8 (decimal 248)
   defining Unicode char U+0131 (decimal 305)
   defining Unicode char U+0141 (decimal 321)
   defining Unicode char U+0142 (decimal 322)
   defining Unicode char U+0152 (decimal 338)
   defining Unicode char U+0153 (decimal 339)
   defining Unicode char U+2013 (decimal 8211)
   defining Unicode char U+2014 (decimal 8212)
   defining Unicode char U+2018 (decimal 8216)
   defining Unicode char U+2019 (decimal 8217)
   defining Unicode char U+201C (decimal 8220)
   defining Unicode char U+201D (decimal 8221)
)
Now handling font encoding OMS ...
... processing UTF-8 mapping file for font encoding OMS

(/usr/share/texlive/texmf-dist/tex/latex/base/omsenc.dfu
File: omsenc.dfu 2008/04/05 v1.1m UTF-8 support for inputenc
   defining Unicode char U+00A7 (decimal 167)
   defining Unicode char U+00B6 (decimal 182)
   defining Unicode char U+00B7 (decimal 183)
   defining Unicode char U+2020 (decimal 8224)
   defining Unicode char U+2021 (decimal 8225)
   defining Unicode char U+2022 (decimal 8226)
)
Now handling font encoding OMX ...
... no UTF-8 mapping file for font encoding OMX
Now handling font encoding U ...
... no UTF-8 mapping file for font encoding U
   defining Unicode char U+00A9 (decimal 169)
   defining Unicode char U+00AA (decimal 170)
   defining Unicode char U+00AE (decimal 174)
   defining Unicode char U+00BA (decimal 186)
   defining Unicode char U+02C6 (decimal 710)
   defining Unicode char U+02DC (decimal 732)
   defining Unicode char U+200C (decimal 8204)
   defining Unicode char U+2026 (decimal 8230)
   defining Unicode char U+2122 (decimal 8482)
   defining Unicode char U+2423 (decimal 9251)
))
(/usr/share/texlive/texmf-dist/tex/generic/babel/babel.sty
Package: babel 2008/07/08 v3.8m The Babel package

(/usr/share/texlive/texmf-dist/tex/generic/babel/ngermanb.ldf
Language: ngermanb 2008/07/06 v2.6n new German support from the babel system

(/usr/share/texlive/texmf-dist/tex/generic/babel/babel.def
File: babel.def 2008/07/08 v3.8m Babel common definitions
\babel@savecnt=\count138
\U@D=\dimen147
)

Package babel Warning: No hyphenation patterns were loaded for
(babel)                the language `ngerman'
(babel)                I will use the patterns loaded for \language=0 instead.

\l@ngerman = a dialect from \language0
\l@naustrian = a dialect from \language\l@ngerman 
Package babel Info: Making " an active character on input line 92.
) (/usr/share/texlive/texmf-dist/tex/generic/babel/english.ldf
Language: english 2005/03/30 v3.3o English support from the babel system
\l@british = a dialect from \language\l@english 
\l@UKenglish = a dialect from \language\l@english 
\l@canadian = a dialect from \language\l@american 
\l@australian = a dialect from \language\l@british 
\l@newzealand = a dialect from \language\l@british 
))
(/usr/share/texlive/texmf-dist/tex/latex/graphics/graphicx.sty
Package: graphicx 1999/02/16 v1.0f Enhanced LaTeX Graphics (DPC,SPQR)

(/usr/share/texlive/texmf-dist/tex/latex/graphics/graphics.sty
Package: graphics 2009/02/05 v1.0o Standard LaTeX Graphics (DPC,SPQR)

(/usr/share/texlive/texmf-dist/tex/latex/graphics/trig.sty
Package: trig 1999/03/16 v1.09 sin cos tan (DPC)
)
(/usr/share/texlive/texmf-dist/tex/latex/latexconfig/graphics.cfg
File: graphics.cfg 2010/04/23 v1.9 graphics configuration of TeX Live
)
Package graphics Info: Driver file: pdftex.def on input line 91.

(/usr/share/texlive/texmf-dist/tex/latex/pdftex-def/pdftex.def
File: pdftex.def 2011/05/27 v0.06d Graphics/color for pdfTeX

(/usr/share/texlive/texmf-dist/tex/generic/oberdiek/infwarerr.sty
Package: infwarerr 2010/04/08 v1.3 Providing info/warning/error messages (HO)
)
(/usr/share/texlive/texmf-dist/tex/generic/oberdiek/ltxcmds.sty
Package: ltxcmds 2011/11/09 v1.22 LaTeX kernel commands for general use (HO)
)
\Gread@gobject=\count139
))
\Gin@req@height=\dimen148
\Gin@req@width=\dimen149
)
(/usr/share/texmf/tex/latex/pgf/frontendlayer/tikz.sty
(/usr/share/texmf/tex/latex/pgf/basiclayer/pgf.sty
(/usr/share/texmf/tex/latex/pgf/utilities/pgfrcs.sty
(/usr/share/texmf/tex/generic/pgf/utilities/pgfutil-common.tex
\pgfutil@everybye=\toks26
)
(/usr/share/texmf/tex/generic/pgf/utilities/pgfutil-latex.def
\pgfutil@abb=\box29

(/usr/share/texlive/texmf-dist/tex/latex/ms/everyshi.sty
Package: everyshi 2001/05/15 v3.00 EveryShipout Package (MS)
))
(/usr/share/texmf/tex/generic/pgf/utilities/pgfrcs.code.tex
Package: pgfrcs 2010/10/25 v2.10 (rcs-revision 1.24)
))
Package: pgf 2008/01/15 v2.10 (rcs-revision 1.12)

(/usr/share/texmf/tex/latex/pgf/basiclayer/pgfcore.sty
(/usr/share/texmf/tex/latex/pgf/systemlayer/pgfsys.sty
(/usr/share/texmf/tex/generic/pgf/systemlayer/pgfsys.code.tex
Package: pgfsys 2010/06/30 v2.10 (rcs-revision 1.37)

(/usr/share/texmf/tex/generic/pgf/utilities/pgfkeys.code.tex
\pgfkeys@pathtoks=\toks27
\pgfkeys@temptoks=\toks28

(/usr/share/texmf/tex/generic/pgf/utilities/pgfkeysfiltered.code.tex
\pgfkeys@tmptoks=\toks29
))
\pgf@x=\dimen150
\pgf@y=\dimen151
\pgf@xa=\dimen152
\pgf@ya=\dimen153
\pgf@xb=\dimen154
\pgf@yb=\dimen155
\pgf@xc=\dimen156
\pgf@yc=\dimen157
\w@pgf@writea=\write4
\r@pgf@reada=\read2
\c@pgf@counta=\count140
\c@pgf@countb=\count141
\c@pgf@countc=\count142
\c@pgf@countd=\count143

(/usr/share/texmf/tex/generic/pgf/systemlayer/pgf.cfg
File: pgf.cfg 2008/05/14  (rcs-revision 1.7)
)
Package pgfsys Info: Driver file for pgf: pgfsys-pdftex.def on input line 900.

(/usr/share/texmf/tex/generic/pgf/systemlayer/pgfsys-pdftex.def
File: pgfsys-pdftex.def 2009/05/22  (rcs-revision 1.26)

(/usr/share/texmf/tex/generic/pgf/systemlayer/pgfsys-common-pdf.def
File: pgfsys-common-pdf.def 2008/05/19  (rcs-revision 1.10)
)))
(/usr/share/texmf/tex/generic/pgf/systemlayer/pgfsyssoftpath.code.tex
File: pgfsyssoftpath.code.tex 2008/07/18  (rcs-revision 1.7)
\pgfsyssoftpath@smallbuffer@items=\count144
\pgfsyssoftpath@bigbuffer@items=\count145
)
(/usr/share/texmf/tex/generic/pgf/systemlayer/pgfsysprotocol.code.tex
File: pgfsysprotocol.code.tex 2006/10/16  (rcs-revision 1.4)
))
(/usr/share/texmf/tex/latex/xcolor/xcolor.sty
Package: xcolor 2007/01/21 v2.11 LaTeX color extensions (UK)

(/usr/share/texlive/texmf-dist/tex/latex/latexconfig/color.cfg
File: color.cfg 2007/01/18 v1.5 color configuration of teTeX/TeXLive
)
Package xcolor Info: Driver file: pdftex.def on input line 225.
Package xcolor Info: Model `cmy' substituted by `cmy0' on input line 1337.
Package xcolor Info: Model `hsb' substituted by `rgb' on input line 1341.
Package xcolor Info: Model `RGB' extended on input line 1353.
Package xcolor Info: Model `HTML' substituted by `rgb' on input line 1355.
Package xcolor Info: Model `Hsb' substituted by `hsb' on input line 1356.
Package xcolor Info: Model `tHsb' substituted by `hsb' on input line 1357.
Package xcolor Info: Model `HSB' substituted by `hsb' on input line 1358.
Package xcolor Info: Model `Gray' substituted by `gray' on input line 1359.
Package xcolor Info: Model `wave' substituted by `hsb' on input line 1360.
)
(/usr/share/texmf/tex/generic/pgf/basiclayer/pgfcore.code.tex
Package: pgfcore 2010/04/11 v2.10 (rcs-revision 1.7)

(/usr/share/texmf/tex/generic/pgf/math/pgfmath.code.tex
(/usr/share/texmf/tex/generic/pgf/math/pgfmathcalc.code.tex
(/usr/share/texmf/tex/generic/pgf/math/pgfmathutil.code.tex)
(/usr/share/texmf/tex/generic/pgf/math/pgfmathparser.code.tex
\pgfmath@dimen=\dimen158
\pgfmath@count=\count146
\pgfmath@box=\box30
\pgfmath@toks=\toks30
\pgfmath@stack@operand=\toks31
\pgfmath@stack@operation=\toks32
)
(/usr/share/texmf/tex/generic/pgf/math/pgfmathfunctions.code.tex
(/usr/share/texmf/tex/generic/pgf/math/pgfmathfunctions.basic.code.tex)
(/usr/share/texmf/tex/generic/pgf/math/pgfmathfunctions.trigonometric.code.tex)
(/usr/share/texmf/tex/generic/pgf/math/pgfmathfunctions.random.code.tex)
(/usr/share/texmf/tex/generic/pgf/math/pgfmathfunctions.comparison.code.tex)
(/usr/share/texmf/tex/generic/pgf/math/pgfmathfunctions.base.code.tex)
(/usr/share/texmf/tex/generic/pgf/math/pgfmathfunctions.round.code.tex)
(/usr/share/texmf/tex/generic/pgf/math/pgfmathfunctions.misc.code.tex)))
(/usr/share/texmf/tex/generic/pgf/math/pgfmathfloat.code.tex
\c@pgfmathroundto@lastzeros=\count147
))
(/usr/share/texmf/tex/generic/pgf/basiclayer/pgfcorepoints.code.tex
File: pgfcorepoints.code.tex 2010/04/09  (rcs-revision 1.20)
\pgf@picminx=\dimen159
\pgf@picmaxx=\dimen160
\pgf@picminy=\dimen161
\pgf@picmaxy=\dimen162
\pgf@pathminx=\dimen163
\pgf@pathmaxx=\dimen164
\pgf@pathminy=\dimen165
\pgf@pathmaxy=\dimen166
\pgf@xx=\dimen167
\pgf@xy=\dimen168
\pgf@yx=\dimen169
\pgf@yy=\dimen170
\pgf@zx=\dimen171
\pgf@zy=\dimen172
)
(/usr/share/texmf/tex/generic/pgf/basiclayer/pgfcorepathconstruct.code.tex
File: pgfcorepathconstruct.code.tex 2010/08/03  (rcs-revision 1.24)
\pgf@path@lastx=\dimen173
\pgf@path@lasty=\dimen174
)
(/usr/share/texmf/tex/generic/pgf/basiclayer/pgfcorepathusage.code.tex
File: pgfcorepathusage.code.tex 2008/04/22  (rcs-revision 1.12)
\pgf@shorten@end@additional=\dimen175
\pgf@shorten@start@additional=\dimen176
)
(/usr/share/texmf/tex/generic/pgf/basiclayer/pgfcorescopes.code.tex
File: pgfcorescopes.code.tex 2010/09/08  (rcs-revision 1.34)
\pgfpic=\box31
\pgf@hbox=\box32
\pgf@layerbox@main=\box33
\pgf@picture@serial@count=\count148
)
(/usr/share/texmf/tex/generic/pgf/basiclayer/pgfcoregraphicstate.code.tex
File: pgfcoregraphicstate.code.tex 2008/04/22  (rcs-revision 1.9)
\pgflinewidth=\dimen177
)
(/usr/share/texmf/tex/generic/pgf/basiclayer/pgfcoretransformations.code.tex
File: pgfcoretransformations.code.tex 2009/06/10  (rcs-revision 1.11)
\pgf@pt@x=\dimen178
\pgf@pt@y=\dimen179
\pgf@pt@temp=\dimen180
)
(/usr/share/texmf/tex/generic/pgf/basiclayer/pgfcorequick.code.tex
File: pgfcorequick.code.tex 2008/10/09  (rcs-revision 1.3)
)
(/usr/share/texmf/tex/generic/pgf/basiclayer/pgfcoreobjects.code.tex
File: pgfcoreobjects.code.tex 2006/10/11  (rcs-revision 1.2)
)
(/usr/share/texmf/tex/generic/pgf/basiclayer/pgfcorepathprocessing.code.tex
File: pgfcorepathprocessing.code.tex 2008/10/09  (rcs-revision 1.8)
)
(/usr/share/texmf/tex/generic/pgf/basiclayer/pgfcorearrows.code.tex
File: pgfcorearrows.code.tex 2008/04/23  (rcs-revision 1.11)
)
(/usr/share/texmf/tex/generic/pgf/basiclayer/pgfcoreshade.code.tex
File: pgfcoreshade.code.tex 2008/11/23  (rcs-revision 1.13)
\pgf@max=\dimen181
\pgf@sys@shading@range@num=\count149
)
(/usr/share/texmf/tex/generic/pgf/basiclayer/pgfcoreimage.code.tex
File: pgfcoreimage.code.tex 2010/03/25  (rcs-revision 1.16)

(/usr/share/texmf/tex/generic/pgf/basiclayer/pgfcoreexternal.code.tex
File: pgfcoreexternal.code.tex 2010/09/01  (rcs-revision 1.17)
\pgfexternal@startupbox=\box34
))
(/usr/share/texmf/tex/generic/pgf/basiclayer/pgfcorelayers.code.tex
File: pgfcorelayers.code.tex 2010/08/27  (rcs-revision 1.2)
)
(/usr/share/texmf/tex/generic/pgf/basiclayer/pgfcoretransparency.code.tex
File: pgfcoretransparency.code.tex 2008/01/17  (rcs-revision 1.2)
)
(/usr/share/texmf/tex/generic/pgf/basiclayer/pgfcorepatterns.code.tex
File: pgfcorepatterns.code.tex 2009/07/02  (rcs-revision 1.3)
)))
(/usr/share/texmf/tex/generic/pgf/modules/pgfmoduleshapes.code.tex
File: pgfmoduleshapes.code.tex 2010/09/09  (rcs-revision 1.13)
\pgfnodeparttextbox=\box35
)
(/usr/share/texmf/tex/generic/pgf/modules/pgfmoduleplot.code.tex
File: pgfmoduleplot.code.tex 2010/10/22  (rcs-revision 1.8)
)
(/usr/share/texmf/tex/latex/pgf/compatibility/pgfcomp-version-0-65.sty
Package: pgfcomp-version-0-65 2007/07/03 v2.10 (rcs-revision 1.7)
\pgf@nodesepstart=\dimen182
\pgf@nodesepend=\dimen183
)
(/usr/share/texmf/tex/latex/pgf/compatibility/pgfcomp-version-1-18.sty
Package: pgfcomp-version-1-18 2007/07/23 v2.10 (rcs-revision 1.1)
))
(/usr/share/texmf/tex/latex/pgf/utilities/pgffor.sty
(/usr/share/texmf/tex/latex/pgf/utilities/pgfkeys.sty
(/usr/share/texmf/tex/generic/pgf/utilities/pgfkeys.code.tex))
(/usr/share/texmf/tex/generic/pgf/utilities/pgffor.code.tex
Package: pgffor 2010/03/23 v2.10 (rcs-revision 1.18)
\pgffor@iter=\dimen184
\pgffor@skip=\dimen185
\pgffor@stack=\toks33
\pgffor@toks=\toks34
))
(/usr/share/texmf/tex/generic/pgf/frontendlayer/tikz/tikz.code.tex
Package: tikz 2010/10/13 v2.10 (rcs-revision 1.76)

(/usr/share/texmf/tex/generic/pgf/libraries/pgflibraryplothandlers.code.tex
File: pgflibraryplothandlers.code.tex 2010/05/31 v2.10 (rcs-revision 1.15)
\pgf@plot@mark@count=\count150
\pgfplotmarksize=\dimen186
)
\tikz@lastx=\dimen187
\tikz@lasty=\dimen188
\tikz@lastxsaved=\dimen189
\tikz@lastysaved=\dimen190
\tikzleveldistance=\dimen191
\tikzsiblingdistance=\dimen192
\tikz@figbox=\box36
\tikz@tempbox=\box37
\tikztreelevel=\count151
\tikznumberofchildren=\count152
\tikznumberofcurrentchild=\count153
\tikz@fig@count=\count154

(/usr/share/texmf/tex/generic/pgf/modules/pgfmodulematrix.code.tex
File: pgfmodulematrix.code.tex 2010/08/24  (rcs-revision 1.4)
\pgfmatrixcurrentrow=\count155
\pgfmatrixcurrentcolumn=\count156
\pgf@matrix@numberofcolumns=\count157
)
\tikz@expandcount=\count158

(/usr/share/texmf/tex/generic/pgf/frontendlayer/tikz/libraries/tikzlibrarytopat
hs.code.tex
File: tikzlibrarytopaths.code.tex 2008/06/17 v2.10 (rcs-revision 1.2)
))) (./geometry.sty
Package: geometry 2010/03/13 v5.3 Page Geometry

(/usr/share/texlive/texmf-dist/tex/generic/oberdiek/ifvtex.sty
Package: ifvtex 2010/03/01 v1.5 Detect VTeX and its facilities (HO)
Package ifvtex Info: VTeX not detected.
)
\Gm@cnth=\count159
\Gm@cntv=\count160
\c@Gm@tempcnt=\count161
\Gm@bindingoffset=\dimen193
\Gm@wd@mp=\dimen194
\Gm@odd@mp=\dimen195
\Gm@even@mp=\dimen196
\Gm@layoutwidth=\dimen197
\Gm@layoutheight=\dimen198
\Gm@layouthoffset=\dimen199
\Gm@layoutvoffset=\dimen200
\Gm@dimlist=\toks35
)
\tuinf@headwidth=\skip185
\tuinf@footwidth=\skip186
\tuinf@baselineskip=\skip187
\tuinf@parindent=\skip188
)
(/usr/share/texlive/texmf-dist/tex/latex/url/url.sty
\Urlmuskip=\muskip10
Package: url 2006/04/12  ver 3.3  Verb mode for urls, etc.
)
(/usr/share/texlive/texmf-dist/tex/latex/hyperref/hyperref.sty
Package: hyperref 2012/05/13 v6.82q Hypertext links for LaTeX

(/usr/share/texlive/texmf-dist/tex/generic/oberdiek/hobsub-hyperref.sty
Package: hobsub-hyperref 2012/05/28 v1.13 Bundle oberdiek, subset hyperref (HO)


(/usr/share/texlive/texmf-dist/tex/generic/oberdiek/hobsub-generic.sty
Package: hobsub-generic 2012/05/28 v1.13 Bundle oberdiek, subset generic (HO)
Package: hobsub 2012/05/28 v1.13 Construct package bundles (HO)
Package hobsub Info: Skipping package `infwarerr' (already loaded).
Package hobsub Info: Skipping package `ltxcmds' (already loaded).
Package hobsub Info: Skipping package `ifluatex' (already loaded).
Package hobsub Info: Skipping package `ifvtex' (already loaded).
Package: intcalc 2007/09/27 v1.1 Expandable calculations with integers (HO)
Package hobsub Info: Skipping package `ifpdf' (already loaded).
Package: etexcmds 2011/02/16 v1.5 Avoid name clashes with e-TeX commands (HO)
Package etexcmds Info: Could not find \expanded.
(etexcmds)             That can mean that you are not using pdfTeX 1.50 or
(etexcmds)             that some package has redefined \expanded.
(etexcmds)             In the latter case, load this package earlier.
Package: kvsetkeys 2012/04/25 v1.16 Key value parser (HO)
Package: kvdefinekeys 2011/04/07 v1.3 Define keys (HO)
Package: pdftexcmds 2011/11/29 v0.20 Utility functions of pdfTeX for LuaTeX (HO
)
Package pdftexcmds Info: LuaTeX not detected.
Package pdftexcmds Info: \pdf@primitive is available.
Package pdftexcmds Info: \pdf@ifprimitive is available.
Package pdftexcmds Info: \pdfdraftmode found.
Package: pdfescape 2011/11/25 v1.13 Implements pdfTeX's escape features (HO)
Package: bigintcalc 2012/04/08 v1.3 Expandable calculations on big integers (HO
)
Package: bitset 2011/01/30 v1.1 Handle bit-vector datatype (HO)
Package: uniquecounter 2011/01/30 v1.2 Provide unlimited unique counter (HO)
)
Package hobsub Info: Skipping package `hobsub' (already loaded).
Package: letltxmacro 2010/09/02 v1.4 Let assignment for LaTeX macros (HO)
Package: hopatch 2012/05/28 v1.2 Wrapper for package hooks (HO)
Package: xcolor-patch 2011/01/30 xcolor patch
Package: atveryend 2011/06/30 v1.8 Hooks at the very end of document (HO)
Package atveryend Info: \enddocument detected (standard20110627).
Package: atbegshi 2011/10/05 v1.16 At begin shipout hook (HO)
Package: refcount 2011/10/16 v3.4 Data extraction from label references (HO)
Package: hycolor 2011/01/30 v1.7 Color options for hyperref/bookmark (HO)
)
(/usr/share/texlive/texmf-dist/tex/latex/oberdiek/kvoptions.sty
Package: kvoptions 2011/06/30 v3.11 Key value format for package options (HO)
)
\@linkdim=\dimen201
\Hy@linkcounter=\count162
\Hy@pagecounter=\count163

(/usr/share/texlive/texmf-dist/tex/latex/hyperref/pd1enc.def
File: pd1enc.def 2012/05/13 v6.82q Hyperref: PDFDocEncoding definition (HO)
Now handling font encoding PD1 ...
... no UTF-8 mapping file for font encoding PD1
)
\Hy@SavedSpaceFactor=\count164

(/usr/share/texlive/texmf-dist/tex/latex/latexconfig/hyperref.cfg
File: hyperref.cfg 2002/06/06 v1.2 hyperref configuration of TeXLive
)
Package hyperref Info: Option `colorlinks' set `true' on input line 3941.
Package hyperref Info: Hyper figures OFF on input line 4062.
Package hyperref Info: Link nesting OFF on input line 4067.
Package hyperref Info: Hyper index ON on input line 4070.
Package hyperref Info: Plain pages OFF on input line 4077.
Package hyperref Info: Backreferencing OFF on input line 4082.
Package hyperref Info: Implicit mode ON; LaTeX internals redefined.
Package hyperref Info: Bookmarks ON on input line 4300.
\c@Hy@tempcnt=\count165
LaTeX Info: Redefining \url on input line 4653.
\Fld@menulength=\count166
\Field@Width=\dimen202
\Fld@charsize=\dimen203
Package hyperref Info: Hyper figures OFF on input line 5773.
Package hyperref Info: Link nesting OFF on input line 5778.
Package hyperref Info: Hyper index ON on input line 5781.
Package hyperref Info: backreferencing OFF on input line 5788.
Package hyperref Info: Link coloring ON on input line 5791.
Package hyperref Info: Link coloring with OCG OFF on input line 5798.
Package hyperref Info: PDF/A mode OFF on input line 5803.
LaTeX Info: Redefining \ref on input line 5843.
LaTeX Info: Redefining \pageref on input line 5847.
\Hy@abspage=\count167
\c@Item=\count168
\c@Hfootnote=\count169
)
(/usr/share/texlive/texmf-dist/tex/latex/memoir/memhfixc.sty
Package: memhfixc 2010/08/17 v1.15 nameref/hyperref package fixes for memoir cl
ass
\c@memhycontfloat=\count170
)

Package hyperref Message: Driver (autodetected): hpdftex.

(/usr/share/texlive/texmf-dist/tex/latex/hyperref/hpdftex.def
File: hpdftex.def 2012/05/13 v6.82q Hyperref driver for pdfTeX
\Fld@listcount=\count171
\c@bookmark@seq@number=\count172

(/usr/share/texlive/texmf-dist/tex/latex/oberdiek/rerunfilecheck.sty
Package: rerunfilecheck 2011/04/15 v1.7 Rerun checks for auxiliary files (HO)
Package uniquecounter Info: New unique counter `rerunfilecheck' on input line 2
82.
)
\Hy@SectionHShift=\skip189
)
(/usr/share/texlive/texmf-dist/tex/latex/listings/listings.sty
\lst@mode=\count173
\lst@gtempboxa=\box38
\lst@token=\toks36
\lst@length=\count174
\lst@currlwidth=\dimen204
\lst@column=\count175
\lst@pos=\count176
\lst@lostspace=\dimen205
\lst@width=\dimen206
\lst@newlines=\count177
\lst@lineno=\count178
\lst@maxwidth=\dimen207

(/usr/share/texlive/texmf-dist/tex/latex/listings/lstmisc.sty
File: lstmisc.sty 2007/02/22 1.4 (Carsten Heinz)
\c@lstnumber=\count179
\lst@skipnumbers=\count180
\lst@framebox=\box39
)
(/usr/share/texlive/texmf-dist/tex/latex/listings/listings.cfg
File: listings.cfg 2007/02/22 1.4 listings configuration
))
Package: listings 2007/02/22 1.4 (Carsten Heinz)


Class memoir Warning: You are using the caption package with the memoir 
(memoir)              class. This may cause unexpected or inconsistent 
(memoir)              results if you use any of memoir's captioning facilities.


(/usr/share/texlive/texmf-dist/tex/latex/caption/caption.sty
Package: caption 2012/02/19 v3.2f Customizing captions (AR)

(/usr/share/texlive/texmf-dist/tex/latex/caption/caption3.sty
Package: caption3 2012/01/12 v1.4b caption3 kernel (AR)
\captionmargin=\dimen208
\captionmargin@=\dimen209
\captionwidth=\dimen210
\caption@indent=\dimen211
\caption@parindent=\dimen212
\caption@hangindent=\dimen213
)
\c@ContinuedFloat=\count181
Package caption Info: hyperref package is loaded.
Package caption Info: listings package is loaded.
)
(/usr/share/texlive/texmf-dist/tex/latex/subfig/subfig.sty
Package: subfig 2005/06/28 ver: 1.3 subfig package
\c@KVtest=\count182
\sf@farskip=\skip190
\sf@captopadj=\dimen214
\sf@capskip=\skip191
\sf@nearskip=\skip192
\c@subfigure=\count183
\c@subfigure@save=\count184
\c@subtable=\count185
\c@subtable@save=\count186
\sf@top=\skip193
\sf@bottom=\skip194
)
(/usr/share/texlive/texmf-dist/tex/latex/float/float.sty
Package: float 2001/11/08 v1.3d Float enhancements (AL)
\c@float@type=\count187
\float@exts=\toks37
\float@box=\box40
\@float@everytoks=\toks38
\@floatcapt=\box41
)
(/usr/share/texlive/texmf-dist/tex/latex/amsmath/amsmath.sty
Package: amsmath 2000/07/18 v2.13 AMS math features
\@mathmargin=\skip195

For additional information on amsmath, use the `?' option.
(/usr/share/texlive/texmf-dist/tex/latex/amsmath/amstext.sty
Package: amstext 2000/06/29 v2.01

(/usr/share/texlive/texmf-dist/tex/latex/amsmath/amsgen.sty
File: amsgen.sty 1999/11/30 v2.0
\@emptytoks=\toks39
\ex@=\dimen215
))
(/usr/share/texlive/texmf-dist/tex/latex/amsmath/amsbsy.sty
Package: amsbsy 1999/11/29 v1.2d
\pmbraise@=\dimen216
)
(/usr/share/texlive/texmf-dist/tex/latex/amsmath/amsopn.sty
Package: amsopn 1999/12/14 v2.01 operator names
)
\inf@bad=\count188
LaTeX Info: Redefining \frac on input line 211.
\uproot@=\count189
\leftroot@=\count190
LaTeX Info: Redefining \overline on input line 307.
\classnum@=\count191
\DOTSCASE@=\count192
LaTeX Info: Redefining \ldots on input line 379.
LaTeX Info: Redefining \dots on input line 382.
LaTeX Info: Redefining \cdots on input line 467.
\Mathstrutbox@=\box42
\strutbox@=\box43
\big@size=\dimen217
LaTeX Font Info:    Redeclaring font encoding OML on input line 567.
LaTeX Font Info:    Redeclaring font encoding OMS on input line 568.
\macc@depth=\count193
\c@MaxMatrixCols=\count194
\dotsspace@=\muskip11
\c@parentequation=\count195
\dspbrk@lvl=\count196
\tag@help=\toks40
\row@=\count197
\column@=\count198
\maxfields@=\count199
\andhelp@=\toks41
\eqnshift@=\dimen218
\alignsep@=\dimen219
\tagshift@=\dimen220
\tagwidth@=\dimen221
\totwidth@=\dimen222
\lineht@=\dimen223
\@envbody=\toks42
\multlinegap=\skip196
\multlinetaggap=\skip197
\mathdisplay@stack=\toks43
LaTeX Info: Redefining \[ on input line 2666.
LaTeX Info: Redefining \] on input line 2667.
)
(/usr/share/texlive/texmf-dist/tex/latex/algorithm2e/algorithm2e.sty
Package: algorithm2e 2008/00/00 v3.10 algorithms environments
\c@AlgoLine=\count200

(/usr/share/texlive/texmf-dist/tex/latex/base/ifthen.sty
Package: ifthen 2001/05/26 v1.1c Standard LaTeX ifthen package (DPC)
)
(/usr/share/texlive/texmf-dist/tex/latex/tools/xspace.sty
Package: xspace 2009/10/20 v1.13 Space after command names (DPC,MH)
)
********************************************************
Package `algorithm2e' Release 4.01 -- december 14 2009 --
- algorithm2e-announce@lirmm.fr mailing list for announcement about releases
- algorithm2e-discussion@lirmm.fr mailing list for discussion about package
subscribe by emailing sympa@lirmm.fr with 'subscribe <list> <firstname name>'
- Author: Christophe Fiorio (fiorio@lirmm.fr)
********************************************************
\skiptotal=\skip198
\skiplinenumber=\skip199
\skiprule=\skip200
\skiphlne=\skip201
\skiptext=\skip202
\skiplength=\skip203
\algomargin=\skip204
\skipalgocfslide=\skip205
\algowidth=\dimen224
\inoutsize=\dimen225
\inoutline=\dimen226
\interspacetitleruled=\dimen227
\interspacealgoruled=\dimen228
Normal \dimen register pool exhausted, switching to extended pool.
\interspacetitleboxruled=\dimen256
\algocf@inoutbox=\box44
\algocf@inputbox=\box45
\AlCapSkip=\skip206
\AlCapHSkip=\skip207
\algocf@nlbox=\box46
\algocf@hangingbox=\box47
\algocf@capbox=\box48
\algoheightruledefault=\skip208
\algoheightrule=\skip209
\algotitleheightruledefault=\skip210
\algotitleheightrule=\skip211
\c@algocfline=\count201
\c@algocfproc=\count202
\c@algocf=\count203
\algocf@algoframe=\box49
\algocf@algobox=\box50
)
(/usr/share/texmf/tex/generic/pgf/frontendlayer/tikz/libraries/tikzlibraryarrow
s.code.tex
File: tikzlibraryarrows.code.tex 2008/01/09 v2.10 (rcs-revision 1.1)

(/usr/share/texmf/tex/generic/pgf/libraries/pgflibraryarrows.code.tex
File: pgflibraryarrows.code.tex 2008/10/27 v2.10 (rcs-revision 1.9)
\arrowsize=\dimen257
))
(/usr/share/texmf/tex/generic/pgf/frontendlayer/tikz/libraries/tikzlibraryautom
ata.code.tex
File: tikzlibraryautomata.code.tex 2008/07/14 v2.10 (rcs-revision 1.3)

(/usr/share/texmf/tex/generic/pgf/frontendlayer/tikz/libraries/tikzlibraryshape
s.multipart.code.tex
File: tikzlibraryshapes.multipart.code.tex 2008/01/09 v2.10 (rcs-revision 1.1)

(/usr/share/texmf/tex/generic/pgf/libraries/shapes/pgflibraryshapes.multipart.c
ode.tex
File: pgflibraryshapes.multipart.code.tex 2010/01/07 v2.10 (rcs-revision 1.2)
\pgfnodepartlowerbox=\box51
\pgfnodeparttwobox=\box52
\pgfnodepartthreebox=\box53
\pgfnodepartfourbox=\box54
\pgfnodeparttwentybox=\box55
\pgfnodepartnineteenbox=\box56
\pgfnodeparteighteenbox=\box57
\pgfnodepartseventeenbox=\box58
\pgfnodepartsixteenbox=\box59
\pgfnodepartfifteenbox=\box60
\pgfnodepartfourteenbox=\box61
\pgfnodepartthirteenbox=\box62
\pgfnodeparttwelvebox=\box63
\pgfnodepartelevenbox=\box64
\pgfnodeparttenbox=\box65
\pgfnodepartninebox=\box66
\pgfnodeparteightbox=\box67
\pgfnodepartsevenbox=\box68
\pgfnodepartsixbox=\box69
\pgfnodepartfivebox=\box70
)))
(/usr/share/texlive/texmf-dist/tex/latex/glossaries/base/glossaries.sty
Package: glossaries 2012/05/21 v3.02 (NLCT)

(/usr/share/texlive/texmf-dist/tex/latex/xkeyval/xkeyval.sty
Package: xkeyval 2008/08/13 v2.6a package option processing (HA)

(/usr/share/texlive/texmf-dist/tex/generic/xkeyval/xkeyval.tex
\XKV@toks=\toks44
\XKV@tempa@toks=\toks45
\XKV@depth=\count204
File: xkeyval.tex 2008/08/13 v2.6a key=value parser (HA)
))
(/usr/share/texlive/texmf-dist/tex/latex/glossaries/base/mfirstuc.sty
Package: mfirstuc 2012/05/21 v1.06 (NLCT)

(/usr/share/texmf/tex/latex/etoolbox/etoolbox.sty
Package: etoolbox 2011/01/03 v2.1 e-TeX tools for LaTeX
\etb@tempcnta=\count205
)
\@glsmfirst=\toks46
\@glsmrest=\toks47
)
(/usr/share/texlive/texmf-dist/tex/latex/xfor/xfor.sty
Package: xfor 2009/02/05 v1.05 (NLCT)
)
(/usr/share/texmf/tex/latex/beamer/base/translator/translator.sty
Package: translator 2010/06/12 ver 1.10

(/usr/share/texmf/tex/latex/beamer/base/translator/translator-language-mappings
.tex))

Package glossaries Warning: overriding \glossarymark on input line 558.

\gls@level=\count206
\@gls@tmpb=\toks48
\gls@tmplen=\skip212
\glswrite=\write5

Package glossaries Warning: Overriding \printglossary on input line 3393.


Package glossaries Warning: overriding `theglossary' environment on input line 
3584.

\glskeylisttok=\toks49
\glslabeltok=\toks50
\glsshorttok=\toks51
\glslongtok=\toks52

(/usr/share/texlive/texmf-dist/tex/latex/glossaries/styles/glossary-hypernav.st
y
Package: glossary-hypernav 2007/07/04 v1.01 (NLCT)
) (/usr/share/texlive/texmf-dist/tex/latex/glossaries/styles/glossary-list.sty
Package: glossary-list 2011/03/28 v3.0 (NLCT)
\glslistdottedwidth=\skip213
) (/usr/share/texlive/texmf-dist/tex/latex/glossaries/styles/glossary-long.sty
Package: glossary-long 2011/03/28 v3.0 (NLCT)

(/usr/share/texlive/texmf-dist/tex/latex/tools/longtable.sty
Package: longtable 2004/02/01 v4.11 Multi-page Table package (DPC)
\LTleft=\skip214
\LTright=\skip215
\LTpre=\skip216
\LTpost=\skip217
\LTchunksize=\count207
\LTcapwidth=\dimen258
\LT@head=\box71
\LT@firsthead=\box72
\LT@foot=\box73
\LT@lastfoot=\box74
\LT@cols=\count208
\LT@rows=\count209
\c@LT@tables=\count210
\c@LT@chunks=\count211
\LT@p@ftn=\toks53
)
\glsdescwidth=\skip218
\glspagelistwidth=\skip219
)
(/usr/share/texlive/texmf-dist/tex/latex/glossaries/styles/glossary-super.sty
Package: glossary-super 2011/03/28 v3.0 (NLCT)

(/usr/share/texlive/texmf-dist/tex/latex/supertabular/supertabular.sty
Package: supertabular 2004/02/20 v4.1e the supertabular environment
\c@tracingst=\count212
\ST@wd=\dimen259
\ST@rightskip=\skip220
\ST@leftskip=\skip221
\ST@parfillskip=\skip222
\ST@pageleft=\dimen260
\ST@headht=\dimen261
\ST@tailht=\dimen262
\ST@pagesofar=\dimen263
\ST@pboxht=\dimen264
\ST@lineht=\dimen265
\ST@stretchht=\dimen266
\ST@prevht=\dimen267
\ST@toadd=\dimen268
\ST@dimen=\dimen269
\ST@pbox=\box75
))
(/usr/share/texlive/texmf-dist/tex/latex/glossaries/styles/glossary-tree.sty
Package: glossary-tree 2011/03/28 v3.0 (NLCT)
\glstreeindent=\skip223
))
\glo@main@file=\write6
\openout6 = `thesis.glo'.

Package glossaries Info: Writing glossary file thesis.glo on input line 31.

(./acronyms.tex) (/usr/share/texmf/tex/latex/biblatex/biblatex.sty
Package: biblatex 2011/11/13 v1.7 programmable bibliographies

(/usr/share/texmf/tex/latex/logreq/logreq.sty
Package: logreq 2010/08/04 v1.0 xml request logger
\lrq@indent=\count213

(/usr/share/texmf/tex/latex/logreq/logreq.def
File: logreq.def 2010/08/04 v1.0 logreq spec v1.0
))
\c@listtotal=\count214
\c@listcount=\count215
\c@liststart=\count216
\c@liststop=\count217
\c@citecount=\count218
\c@citetotal=\count219
\c@multicitecount=\count220
\c@multicitetotal=\count221
\c@instcount=\count222
\c@maxnames=\count223
\c@minnames=\count224
\c@maxitems=\count225
\c@minitems=\count226
\c@citecounter=\count227
\c@savedcitecounter=\count228
Normal \count register pool exhausted, switching to extended pool.
\c@uniquelist=\count277
\c@uniquename=\count278
\c@refsection=\count279
\c@refsegment=\count280
\c@maxextrayear=\count281
\c@maxextraalpha=\count282
\c@abbrvpenalty=\count283
\c@highnamepenalty=\count284
\c@lownamepenalty=\count285
\c@maxparens=\count286
\c@parenlevel=\count287
\blx@tempcnta=\count288
\blx@tempcntb=\count289
\blx@tempcntc=\count290
\blx@maxsection=\count291
\blx@maxsegment=\count292
\blx@notetype=\count293
\blx@parenlevel@text=\count294
\blx@parenlevel@foot=\count295
\labelnumberwidth=\skip224
\labelalphawidth=\skip225
\shorthandwidth=\skip226
\biblabelsep=\skip227
\bibnamesep=\skip228
Normal \skip register pool exhausted, switching to extended pool.
\bibinitsep=\skip256
\bibparsep=\skip257
\bibhang=\skip258
\blx@auxin=\read3
\blx@auxout=\write7
\c@mincomprange=\count296
\c@maxcomprange=\count297
\c@mincompwidth=\count298
\c@labelname=\count299
\c@savedlabelname=\count300
\c@author=\count301
\c@savedauthor=\count302
\c@shortauthor=\count303
\c@savedshortauthor=\count304
\c@editor=\count305
\c@savededitor=\count306
\c@editora=\count307
\c@savededitora=\count308
\c@editorb=\count309
\c@savededitorb=\count310
\c@editorc=\count311
\c@savededitorc=\count312
\c@shorteditor=\count313
\c@savedshorteditor=\count314
\c@bookauthor=\count315
\c@savedbookauthor=\count316
\c@translator=\count317
\c@savedtranslator=\count318
\c@annotator=\count319
\c@savedannotator=\count320
\c@commentator=\count321
\c@savedcommentator=\count322
\c@introduction=\count323
\c@savedintroduction=\count324
\c@foreword=\count325
\c@savedforeword=\count326
\c@afterword=\count327
\c@savedafterword=\count328
\c@holder=\count329
\c@savedholder=\count330
\c@namea=\count331
\c@savednamea=\count332
\c@nameb=\count333
\c@savednameb=\count334
\c@namec=\count335
\c@savednamec=\count336
\c@institution=\count337
\c@savedinstitution=\count338
\c@language=\count339
\c@savedlanguage=\count340
\c@location=\count341
\c@savedlocation=\count342
\c@organization=\count343
\c@savedorganization=\count344
\c@origlocation=\count345
\c@savedoriglocation=\count346
\c@origpublisher=\count347
\c@savedorigpublisher=\count348
\c@pageref=\count349
\c@savedpageref=\count350
\c@publisher=\count351
\c@savedpublisher=\count352
\c@lista=\count353
\c@savedlista=\count354
\c@listb=\count355
\c@savedlistb=\count356
\c@listc=\count357
\c@savedlistc=\count358
\c@listd=\count359
\c@savedlistd=\count360
\c@liste=\count361
\c@savedliste=\count362
\c@listf=\count363
\c@savedlistf=\count364
Package biblatex Info: Trying to load compatibility code...
Package biblatex Info: ... file 'blx-compat.def' found.

(/usr/share/texmf/tex/latex/biblatex/blx-compat.def
File: blx-compat.def 2011/11/13 v1.7 biblatex generic compatibility
)
Package biblatex Info: Trying to load generic definitions...
Package biblatex Info: ... file 'biblatex.def' found.

(/usr/share/texmf/tex/latex/biblatex/biblatex.def
File: biblatex.def 2011/11/13 v1.7 biblatex generic definitions
\c@biburlnumpenalty=\count365
\c@biburlucpenalty=\count366
\c@biburllcpenalty=\count367
\c@smartand=\count368
)
Package biblatex Info: Trying to load bibliography style 'numeric'...
Package biblatex Info: ... file 'numeric.bbx' found.

(/usr/share/texmf/tex/latex/biblatex/bbx/numeric.bbx
File: numeric.bbx 2011/11/13 v1.7 biblatex bibliography style
Package biblatex Info: Trying to load bibliography style 'standard'...
Package biblatex Info: ... file 'standard.bbx' found.

(/usr/share/texmf/tex/latex/biblatex/bbx/standard.bbx
File: standard.bbx 2011/11/13 v1.7 biblatex bibliography style
))
Package biblatex Info: Trying to load citation style 'numeric'...
Package biblatex Info: ... file 'numeric.cbx' found.

(/usr/share/texmf/tex/latex/biblatex/cbx/numeric.cbx
File: numeric.cbx 2011/11/13 v1.7 biblatex citation style
Package biblatex Info: Redefining '\cite'.
Package biblatex Info: Redefining '\parencite'.
Package biblatex Info: Redefining '\footcite'.
Package biblatex Info: Redefining '\footcitetext'.
Package biblatex Info: Redefining '\smartcite'.
Package biblatex Info: Redefining '\textcite'.
Package biblatex Info: Redefining '\supercite'.
Package biblatex Info: Redefining '\cites'.
Package biblatex Info: Redefining '\parencites'.
Package biblatex Info: Redefining '\smartcites'.
)
Package biblatex Info: Trying to load configuration file...
Package biblatex Info: ... file 'biblatex.cfg' found.

(/usr/share/texmf/tex/latex/biblatex/biblatex.cfg
File: biblatex.cfg 
))
Package biblatex Info: Trying to load language 'english'...
Package biblatex Info: ... file 'english.lbx' found.

(/usr/share/texmf/tex/latex/biblatex/lbx/english.lbx
File: english.lbx 2011/11/13 v1.7 biblatex localization
)

Package biblatex Warning: 'babel' detected but 'csquotes' missing.
(biblatex)                Loading 'csquotes' recommended.

\@quotelevel=\count369
\@quotereset=\count370
(./thesis.aux (./titlepage.aux
Package biblatex Info: Trying to load language 'ngerman'...
Package biblatex Info: ... file 'ngerman.lbx' found.

(/usr/share/texmf/tex/latex/biblatex/lbx/ngerman.lbx
File: ngerman.lbx 2011/11/13 v1.7 biblatex localization
Package biblatex Info: Trying to load language 'german'...
Package biblatex Info: ... file 'german.lbx' found.

(/usr/share/texmf/tex/latex/biblatex/lbx/german.lbx
File: german.lbx 2011/11/13 v1.7 biblatex localization


Package biblatex Warning: No hyphenation patterns for 'german' on input line 44
9.

))) (./titlepage_en.aux))
\openout1 = `thesis.aux'.

LaTeX Font Info:    Checking defaults for OML/cmm/m/it on input line 82.
LaTeX Font Info:    ... okay on input line 82.
LaTeX Font Info:    Checking defaults for T1/cmr/m/n on input line 82.
LaTeX Font Info:    ... okay on input line 82.
LaTeX Font Info:    Checking defaults for OT1/cmr/m/n on input line 82.
LaTeX Font Info:    ... okay on input line 82.
LaTeX Font Info:    Checking defaults for OMS/cmsy/m/n on input line 82.
LaTeX Font Info:    ... okay on input line 82.
LaTeX Font Info:    Checking defaults for OMX/cmex/m/n on input line 82.
LaTeX Font Info:    ... okay on input line 82.
LaTeX Font Info:    Checking defaults for U/cmr/m/n on input line 82.
LaTeX Font Info:    ... okay on input line 82.
LaTeX Font Info:    Checking defaults for PD1/pdf/m/n on input line 82.
LaTeX Font Info:    ... okay on input line 82.
LaTeX Font Info:    Try loading font information for T1+ptm on input line 82.

(/usr/share/texlive/texmf-dist/tex/latex/psnfss/t1ptm.fd
File: t1ptm.fd 2001/06/04 font definitions for T1/ptm.
)
(/usr/share/texlive/texmf-dist/tex/context/base/supp-pdf.mkii
[Loading MPS to PDF converter (version 2006.09.02).]
\scratchcounter=\count371
\scratchdimen=\dimen270
\scratchbox=\box76
\nofMPsegments=\count372
\nofMParguments=\count373
\everyMPshowfont=\toks54
\MPscratchCnt=\count374
\MPscratchDim=\dimen271
\MPnumerator=\count375
\makeMPintoPDFobject=\count376
\everyMPtoPDFconversion=\toks55
) (/usr/share/texlive/texmf-dist/tex/latex/oberdiek/epstopdf-base.sty
Package: epstopdf-base 2010/02/09 v2.5 Base part for package epstopdf

(/usr/share/texlive/texmf-dist/tex/latex/oberdiek/grfext.sty
Package: grfext 2010/08/19 v1.1 Manage graphics extensions (HO)
)
Package grfext Info: Graphics extension search list:
(grfext)             [.png,.pdf,.jpg,.mps,.jpeg,.jbig2,.jb2,.PNG,.PDF,.JPG,.JPE
G,.JBIG2,.JB2,.eps]
(grfext)             \AppendGraphicsExtensions on input line 452.

(/usr/share/texlive/texmf-dist/tex/latex/latexconfig/epstopdf-sys.cfg
File: epstopdf-sys.cfg 2010/07/13 v1.3 Configuration of (r)epstopdf for TeX Liv
e
))
ABD: EveryShipout initializing macros
*geometry* driver: auto-detecting
*geometry* detected driver: pdftex
*geometry* verbose mode - [ preamble ] result:
* driver: pdftex
* paper: a4paper
* layout: a4paper
* switch(es): 
* h-part:(L,W,R)=(89.62709pt, 418.25368pt, 89.6271pt)
* v-part:(T,H,B)=(101.40665pt, 591.5302pt, 152.11pt)
* \paperwidth=597.50787pt
* \paperheight=845.04684pt
* \textwidth=418.25368pt
* \textheight=591.5302pt
* \oddsidemargin=17.3571pt
* \evensidemargin=17.3571pt
* \topmargin=-5.23714pt
* \headheight=14.5pt
* \headsep=19.8738pt
* \footskip=30.0pt
* \marginparwidth=42.0pt
* \marginparsep=7.0pt
* \columnsep=10.0pt
* \skip\footins=12.0pt plus 4.0pt minus 4.0pt
* \hoffset=0.0pt
* \voffset=0.0pt
* \mag=1000
* \@twocolumnfalse
* \@twosidefalse
* \@mparswitchfalse
* \@reversemarginfalse
* (1in=72.27pt, 1cm=28.453pt)

\AtBeginShipoutBox=\box77
Package hyperref Info: Link coloring ON on input line 82.
(/usr/share/texlive/texmf-dist/tex/latex/hyperref/nameref.sty
Package: nameref 2010/04/30 v2.40 Cross-referencing by name of section

(/usr/share/texlive/texmf-dist/tex/generic/oberdiek/gettitlestring.sty
Package: gettitlestring 2010/12/03 v1.4 Cleanup title references (HO)
)
\c@section@level=\count377
)
Redoing nameref's sectioning
Redoing nameref's label
LaTeX Info: Redefining \nameref on input line 82.
LaTeX Info: Redefining \ref on input line 82.
LaTeX Info: Redefining \pageref on input line 82.
LaTeX Info: Redefining \nameref on input line 82.
(./thesis.out) (./thesis.out)
\@outlinefile=\write8
\openout8 = `thesis.out'.

\c@lstlisting=\count378
Package caption Info: Begin \AtBeginDocument code.
Package caption Info: subfig package v1.3 is loaded.
Package caption Info: Incompatible package detected (regarding \@caption).
(caption)             \@caption = \long macro:#1[#2]#3->\MNR@old@caption {#1}[{
#2}]{#3}\def \@currentlabelname {#2}\M@gettitle {#2}.


Package caption Warning: \caption will not be redefined since it's already
(caption)                redefined by a document class or package which is
(caption)                unknown to the caption package.
See the caption package documentation for explanation.

Package caption Info: float package is loaded.
Package caption Info: longtable package is loaded.
(/usr/share/texlive/texmf-dist/tex/latex/caption/ltcaption.sty
Package: ltcaption 2011/09/12 v1.3 longtable captions (AR)
)
Package caption Info: supertabular package is loaded.
Package caption Info: End \AtBeginDocument code.

(/usr/share/texlive/texmf-dist/tex/latex/glossaries/dict/glossaries-dictionary-
English.dict
Dictionary: glossaries-dictionary, Language: English 
)
Package biblatex Info: Input encoding 'utf8' detected.
Package biblatex Info: Automatic encoding selection.
(biblatex)             Assuming data encoding 'utf8'.


Package biblatex Warning: Data encoding is 'utf8'.
(biblatex)                Use backend=biber.

\openout7 = `thesis-blx.bib'.

Package biblatex Info: Trying to load bibliographic data...
Package biblatex Info: ... file 'thesis.bbl' found.
(./thesis.bbl

Package biblatex Warning: BibTeX reported the following issues
(biblatex)                with '6769090':
(biblatex)                - Invalid format of field 'month'.


Package biblatex Warning: BibTeX reported the following issues
(biblatex)                with '1621063':
(biblatex)                - Invalid format of field 'month'.


Package biblatex Warning: BibTeX reported the following issues
(biblatex)                with '5412055':
(biblatex)                - Invalid format of field 'month'.


Package biblatex Warning: BibTeX reported the following issues
(biblatex)                with 'feistel':
(biblatex)                - Invalid format of field 'month'.


Package biblatex Warning: BibTeX reported the following issues
(biblatex)                with 'feistel1974block':
(biblatex)                - Invalid format of field 'month'.


Package biblatex Warning: BibTeX reported the following issues
(biblatex)                with 'burda':
(biblatex)                - Invalid format of field 'month'.


Package biblatex Warning: BibTeX reported the following issues
(biblatex)                with '1055638':
(biblatex)                - Invalid format of field 'month'.


Package biblatex Warning: BibTeX reported the following issues
(biblatex)                with 'pkcs1':
(biblatex)                - Invalid format of field 'month'.


Package biblatex Warning: BibTeX reported the following issues
(biblatex)                with '1335465':
(biblatex)                - Invalid format of field 'month'.


Package biblatex Warning: BibTeX reported the following issues
(biblatex)                with 'KraInnosec2013':
(biblatex)                - Invalid format of field 'month'.


Package biblatex Warning: BibTeX reported the following issues
(biblatex)                with 'rfc791':
(biblatex)                - Invalid format of field 'month'.


Package biblatex Warning: BibTeX reported the following issues
(biblatex)                with '5195839':
(biblatex)                - Invalid format of field 'month'.


Package biblatex Warning: BibTeX reported the following issues
(biblatex)                with 'Borisov:2004:OCW:1029179.1029200':
(biblatex)                - Can't use 'location' + 'address'.


Package biblatex Warning: BibTeX reported the following issues
(biblatex)                with 'Liu:2013:IGO:2517840.2517867':
(biblatex)                - Can't use 'location' + 'address'.


Package biblatex Warning: BibTeX reported the following issues
(biblatex)                with 'Goldberg:2009:MOM:1653662.1653705':
(biblatex)                - Can't use 'location' + 'address'.


Package biblatex Warning: BibTeX reported the following issues
(biblatex)                with 'rfc2246':
(biblatex)                - Invalid format of field 'month'.


Package biblatex Warning: BibTeX reported the following issues
(biblatex)                with 'rfc4301':
(biblatex)                - Invalid format of field 'month'.


Package biblatex Warning: BibTeX reported the following issues
(biblatex)                with 'knxsecExt':
(biblatex)                - Invalid format of field 'month'.


Package biblatex Warning: BibTeX reported the following issues
(biblatex)                with 'knxsec':
(biblatex)                - Invalid format of field 'month'.

)
Package biblatex Info: Reference section=0 on input line 82.
Package biblatex Info: Reference segment=0 on input line 82.
\openout2 = `titlepage.aux'.

 (./titlepage.tex
*geometry* verbose mode - [ newgeometry ] result:
* driver: pdftex
* paper: a4paper
* layout: a4paper
* switch(es): 
* h-part:(L,W,R)=(68.28644pt, 460.935pt, 68.28644pt)
* v-part:(T,H,B)=(56.9055pt, 717.00946pt, 71.13188pt)
* \paperwidth=597.50787pt
* \paperheight=845.04684pt
* \textwidth=460.935pt
* \textheight=717.00946pt
* \oddsidemargin=-3.98355pt
* \evensidemargin=-3.98355pt
* \topmargin=-49.73828pt
* \headheight=14.5pt
* \headsep=19.8738pt
* \footskip=30.0pt
* \marginparwidth=42.0pt
* \marginparsep=7.0pt
* \columnsep=10.0pt
* \skip\footins=12.0pt plus 4.0pt minus 4.0pt
* \hoffset=0.0pt
* \voffset=0.0pt
* \mag=1000
* \@twocolumnfalse
* \@twosidefalse
* \@mparswitchfalse
* \@reversemarginfalse
* (1in=72.27pt, 1cm=28.453pt)

\tmpbaselineskip=\skip259
\tmpparindent=\skip260
LaTeX Font Info:    Try loading font information for T1+phv on input line 42.
 (/usr/share/texlive/texmf-dist/tex/latex/psnfss/t1phv.fd
File: t1phv.fd 2001/06/04 scalable font definitions for T1/phv.
)
LaTeX Font Info:    Font shape `T1/phv/m/n' will be
(Font)              scaled to size 28.49991pt on input line 42.
LaTeX Font Info:    Font shape `T1/phv/bx/n' in size <30> not available
(Font)              Font shape `T1/phv/b/n' tried instead on input line 42.
LaTeX Font Info:    Font shape `T1/phv/b/n' will be
(Font)              scaled to size 28.49991pt on input line 42.
LaTeX Font Info:    Font shape `T1/phv/bx/n' in size <20> not available
(Font)              Font shape `T1/phv/b/n' tried instead on input line 44.
LaTeX Font Info:    Font shape `T1/phv/b/n' will be
(Font)              scaled to size 18.99994pt on input line 44.

Underfull \vbox (badness 3058) detected at line 45
 []

LaTeX Font Info:    Font shape `T1/phv/m/n' will be
(Font)              scaled to size 16.14995pt on input line 49.
LaTeX Font Info:    Font shape `T1/phv/m/n' will be
(Font)              scaled to size 11.39996pt on input line 53.
LaTeX Font Info:    Font shape `T1/phv/bx/n' in size <17> not available
(Font)              Font shape `T1/phv/b/n' tried instead on input line 57.
LaTeX Font Info:    Font shape `T1/phv/b/n' will be
(Font)              scaled to size 16.14995pt on input line 57.
LaTeX Font Info:    Font shape `T1/phv/m/n' will be
(Font)              scaled to size 13.29996pt on input line 65.
LaTeX Font Info:    Font shape `T1/phv/bx/n' in size <14> not available
(Font)              Font shape `T1/phv/b/n' tried instead on input line 65.
LaTeX Font Info:    Font shape `T1/phv/b/n' will be
(Font)              scaled to size 13.29996pt on input line 65.
LaTeX Font Info:    Font shape `T1/phv/m/n' will be
(Font)              scaled to size 10.44997pt on input line 81.

<figures/titlepage/dokumentenkopf__klein.pdf, id=127, 512.91624pt x 47.17625pt>
File: figures/titlepage/dokumentenkopf__klein.pdf Graphic file (type pdf)
<use figures/titlepage/dokumentenkopf__klein.pdf>
Package pdftex.def Info: figures/titlepage/dokumentenkopf__klein.pdf used on in
put line 114.
(pdftex.def)             Requested size: 509.30415pt x 46.84425pt.

<figures/titlepage/INF_Logo_typo_grau.pdf, id=128, 171.64125pt x 46.1725pt>
File: figures/titlepage/INF_Logo_typo_grau.pdf Graphic file (type pdf)

<use figures/titlepage/INF_Logo_typo_grau.pdf>
Package pdftex.def Info: figures/titlepage/INF_Logo_typo_grau.pdf used on input
 line 114.
(pdftex.def)             Requested size: 171.64081pt x 46.17236pt.


Class memoir Warning: The material used in the headers is too large
(78.7743pt) for the given head height (14.5pt), it is recommended to
either increase the head height or redesign the header
(in both cases you will find help in the memoir manual). on input line 114.


Overfull \vbox (64.2743pt too high) has occurred while \output is active []

LaTeX Font Info:    Calculating math sizes for size <14> on input line 114.
LaTeX Font Info:    Try loading font information for U+msa on input line 114.

(/usr/share/texlive/texmf-dist/tex/latex/amsfonts/umsa.fd
File: umsa.fd 2009/06/22 v3.00 AMS symbols A
)
LaTeX Font Info:    Try loading font information for U+msb on input line 114.

(/usr/share/texlive/texmf-dist/tex/latex/amsfonts/umsb.fd
File: umsb.fd 2009/06/22 v3.00 AMS symbols B
) [1

\openout5 = `thesis.ist'.




{/var/lib/texmf/fonts/map/pdftex/updmap/pdftex.map} <./figures/titlepage/dokume
ntenkopf__klein.pdf> <./figures/titlepage/INF_Logo_typo_grau.pdf>])
\openout2 = `titlepage_en.aux'.

 (./titlepage_en.tex
*geometry* verbose mode - [ newgeometry ] result:
* driver: pdftex
* paper: a4paper
* layout: a4paper
* switch(es): 
* h-part:(L,W,R)=(68.28644pt, 460.935pt, 68.28644pt)
* v-part:(T,H,B)=(56.9055pt, 717.00946pt, 71.13188pt)
* \paperwidth=597.50787pt
* \paperheight=845.04684pt
* \textwidth=460.935pt
* \textheight=717.00946pt
* \oddsidemargin=-3.98355pt
* \evensidemargin=-3.98355pt
* \topmargin=-49.73828pt
* \headheight=14.5pt
* \headsep=19.8738pt
* \footskip=30.0pt
* \marginparwidth=42.0pt
* \marginparsep=7.0pt
* \columnsep=10.0pt
* \skip\footins=12.0pt plus 4.0pt minus 4.0pt
* \hoffset=0.0pt
* \voffset=0.0pt
* \mag=1000
* \@twocolumnfalse
* \@twosidefalse
* \@mparswitchfalse
* \@reversemarginfalse
* (1in=72.27pt, 1cm=28.453pt)


Underfull \vbox (badness 3058) detected at line 43
 []

File: figures/titlepage/dokumentenkopf__klein.pdf Graphic file (type pdf)
<use figures/titlepage/dokumentenkopf__klein.pdf>
Package pdftex.def Info: figures/titlepage/dokumentenkopf__klein.pdf used on in
put line 111.
(pdftex.def)             Requested size: 509.30415pt x 46.84425pt.
File: figures/titlepage/INF_Logo_typo_grau.pdf Graphic file (type pdf)

<use figures/titlepage/INF_Logo_typo_grau.pdf>
Package pdftex.def Info: figures/titlepage/INF_Logo_typo_grau.pdf used on input
 line 111.
(pdftex.def)             Requested size: 171.64081pt x 46.17236pt.

Overfull \vbox (64.2743pt too high) has occurred while \output is active []


[1





]) (./chapters/erklaerung.tex
LaTeX Font Info:    Font shape `T1/ptm/bx/n' in size <24.88> not available
(Font)              Font shape `T1/ptm/b/n' tried instead on input line 1.

Underfull \hbox (badness 10000) in paragraph at lines 8--14

 []

) (./chapters/acknowledgements.tex [1





]) (./chapters/abstract_en.tex [2

])
[3

] (./chapters/abstract_de.tex) [4


] (./thesis.toc
LaTeX Font Info:    Font shape `T1/ptm/bx/n' in size <12> not available
(Font)              Font shape `T1/ptm/b/n' tried instead on input line 17.
 [5

]) [6]
(./chapters/introduction.tex
LaTeX Font Info:    Font shape `T1/ptm/bx/n' in size <17.28> not available
(Font)              Font shape `T1/ptm/b/n' tried instead on input line 1.
LaTeX Font Info:    Font shape `T1/ptm/bx/n' in size <14.4> not available
(Font)              Font shape `T1/ptm/b/n' tried instead on input line 3.
) [1


] (./chapters/SOAbasics.tex)
(./chapters/SOAcryptography.tex [2

]
Underfull \hbox (badness 10000) in paragraph at lines 9--22

 []


LaTeX Warning: Reference `modeofoperation' on page 3 undefined on input line 26
.

LaTeX Font Info:    Try loading font information for OMS+ptm on input line 31.
(/usr/share/texlive/texmf-dist/tex/latex/psnfss/omsptm.fd
File: omsptm.fd 
)
LaTeX Font Info:    Font shape `OMS/ptm/m/n' in size <12> not available
(Font)              Font shape `OMS/cmsy/m/n' tried instead on input line 31.
 [3]
Overfull \hbox (17.92848pt too wide) in paragraph at lines 66--68
[]\T1/ptm/m/n/12 Combining this prop-er-ties yields a ci-pher or \T1/ptm/m/it/1
2 en-cryp-tion scheme\T1/ptm/m/n/12 ) de-fined over $[]$,
 []

[4]
Underfull \hbox (badness 10000) in paragraph at lines 96--99

 []


Underfull \hbox (badness 10000) in paragraph at lines 100--107

 []


Overfull \hbox (7.16667pt too wide) in paragraph at lines 111--113
\T1/ptm/m/n/12 short in-tro-duc-tion to prob-a-bilis-tic the-ory and [][][]Pseu
do Ran-dom Num-ber Gen-er-a-tor (PRNG)[][]
 []

[5]
Underfull \hbox (badness 10000) in paragraph at lines 128--130

 []


Underfull \hbox (badness 10000) in paragraph at lines 131--133

 []

[6]

LaTeX Warning: Reference `FIXME' on page 7 undefined on input line 156.

Package epstopdf Info: Source file: <figures/uniform.eps>
(epstopdf)                    date: 2015-02-26 22:27:53
(epstopdf)                    size: 17466 bytes
(epstopdf)             Output file: <figures/uniform-eps-converted-to.pdf>
(epstopdf)                    date: 2015-03-15 19:26:31
(epstopdf)                    size: 5367 bytes
(epstopdf)             Command: <repstopdf --outfile=figures/uniform-eps-conver
ted-to.pdf figures/uniform.eps>
(epstopdf)             \includegraphics on input line 160.
Package epstopdf Info: Output file is already uptodate.
<figures/uniform-eps-converted-to.pdf, id=286, 361.35pt x 252.945pt>
File: figures/uniform-eps-converted-to.pdf Graphic file (type pdf)

<use figures/uniform-eps-converted-to.pdf>
Package pdftex.def Info: figures/uniform-eps-converted-to.pdf used on input lin
e 160.
(pdftex.def)             Requested size: 250.95476pt x 175.67082pt.
Package epstopdf Info: Source file: <figures/randu.eps>
(epstopdf)                    date: 2015-02-27 13:47:14
(epstopdf)                    size: 157700 bytes
(epstopdf)             Output file: <figures/randu-eps-converted-to.pdf>
(epstopdf)                    date: 2015-03-15 19:26:32
(epstopdf)                    size: 207141 bytes
(epstopdf)             Command: <repstopdf --outfile=figures/randu-eps-converte
d-to.pdf figures/randu.eps>
(epstopdf)             \includegraphics on input line 167.
Package epstopdf Info: Output file is already uptodate.

<figures/randu-eps-converted-to.pdf, id=287, 361.35pt x 252.945pt>
File: figures/randu-eps-converted-to.pdf Graphic file (type pdf)

<use figures/randu-eps-converted-to.pdf>
Package pdftex.def Info: figures/randu-eps-converted-to.pdf used on input line 
167.
(pdftex.def)             Requested size: 418.25368pt x 292.77956pt.

Underfull \hbox (badness 10000) in paragraph at lines 180--185

 []

[7 <./figures/uniform-eps-converted-to.pdf>] [8 <./figures/randu-eps-converted-
to.pdf>] [9]
Package epstopdf Info: Source file: <figures/LSFR.eps>
(epstopdf)                    date: 2015-02-28 17:12:55
(epstopdf)                    size: 14621 bytes
(epstopdf)             Output file: <figures/LSFR-eps-converted-to.pdf>
(epstopdf)                    date: 2015-03-15 19:26:33
(epstopdf)                    size: 4923 bytes
(epstopdf)             Command: <repstopdf --outfile=figures/LSFR-eps-converted
-to.pdf figures/LSFR.eps>
(epstopdf)             \includegraphics on input line 280.
Package epstopdf Info: Output file is already uptodate.

<figures/LSFR-eps-converted-to.pdf, id=340, 652.4375pt x 207.77625pt>
File: figures/LSFR-eps-converted-to.pdf Graphic file (type pdf)

<use figures/LSFR-eps-converted-to.pdf>
Package pdftex.def Info: figures/LSFR-eps-converted-to.pdf used on input line 2
80.
(pdftex.def)             Requested size: 418.25368pt x 133.20143pt.
 [10] [11 <./figures/LSFR-eps-converted-to.pdf>]
Underfull \hbox (badness 10000) in paragraph at lines 331--333

 []


Underfull \hbox (badness 10000) in paragraph at lines 337--343

 []


Underfull \hbox (badness 10000) in paragraph at lines 357--360

 []

Package epstopdf Info: Source file: <figures/feistel.eps>
(epstopdf)                    date: 2015-03-05 17:25:18
(epstopdf)                    size: 21237 bytes
(epstopdf)             Output file: <figures/feistel-eps-converted-to.pdf>
(epstopdf)                    date: 2015-03-15 19:26:33
(epstopdf)                    size: 7583 bytes
(epstopdf)             Command: <repstopdf --outfile=figures/feistel-eps-conver
ted-to.pdf figures/feistel.eps>
(epstopdf)             \includegraphics on input line 371.
Package epstopdf Info: Output file is already uptodate.
<figures/feistel-eps-converted-to.pdf, id=372, 663.47874pt x 855.195pt>
File: figures/feistel-eps-converted-to.pdf Graphic file (type pdf)

<use figures/feistel-eps-converted-to.pdf>
Package pdftex.def Info: figures/feistel-eps-converted-to.pdf used on input lin
e 371.
(pdftex.def)             Requested size: 209.12683pt x 269.5575pt.
 [12] [13 <./figures/feistel-eps-converted-to.pdf>]
Package epstopdf Info: Source file: <figures/aesEnc.eps>
(epstopdf)                    date: 2015-03-05 18:00:03
(epstopdf)                    size: 19736 bytes
(epstopdf)             Output file: <figures/aesEnc-eps-converted-to.pdf>
(epstopdf)                    date: 2015-03-15 19:26:34
(epstopdf)                    size: 7198 bytes
(epstopdf)             Command: <repstopdf --outfile=figures/aesEnc-eps-convert
ed-to.pdf figures/aesEnc.eps>
(epstopdf)             \includegraphics on input line 418.
Package epstopdf Info: Output file is already uptodate.

<figures/aesEnc-eps-converted-to.pdf, id=425, 1463.4675pt x 515.9275pt>
File: figures/aesEnc-eps-converted-to.pdf Graphic file (type pdf)

<use figures/aesEnc-eps-converted-to.pdf>
Package pdftex.def Info: figures/aesEnc-eps-converted-to.pdf used on input line
 418.
(pdftex.def)             Requested size: 418.25368pt x 147.45023pt.

Underfull \hbox (badness 10000) in paragraph at lines 423--426

 []

[14 <./figures/aesEnc-eps-converted-to.pdf>]
<figures/TuxCleartext.png, id=446, 196.735pt x 216.81pt>
File: figures/TuxCleartext.png Graphic file (type png)

<use figures/TuxCleartext.png>
Package pdftex.def Info: figures/TuxCleartext.png used on input line 451.
(pdftex.def)             Requested size: 167.2989pt x 184.36876pt.

<figures/TuxECB.png, id=447, 196.735pt x 216.81pt>
File: figures/TuxECB.png Graphic file (type png)
 <use figures/TuxECB.png>
Package pdftex.def Info: figures/TuxECB.png used on input line 459.
(pdftex.def)             Requested size: 167.2989pt x 184.36876pt.

Overfull \hbox (17.62482pt too wide) in paragraph at lines 447--465
[]$[]$ 
 []

[15 <./figures/TuxCleartext.png> <./figures/TuxECB.png>]
Overfull \hbox (0.86702pt too wide) in paragraph at lines 498--502
\T1/ptm/m/n/12 avoid such a mes-sage ex-pan-sion, a so-lu-tion is to use a "non
ce", which stands for "\T1/ptm/m/it/12 n\T1/ptm/m/n/12 umber
 []

Package epstopdf Info: Source file: <figures/CBCencrypt.eps>
(epstopdf)                    date: 2015-03-06 19:00:37
(epstopdf)                    size: 20273 bytes
(epstopdf)             Output file: <figures/CBCencrypt-eps-converted-to.pdf>
(epstopdf)                    date: 2015-03-15 19:26:35
(epstopdf)                    size: 7530 bytes
(epstopdf)             Command: <repstopdf --outfile=figures/CBCencrypt-eps-con
verted-to.pdf figures/CBCencrypt.eps>
(epstopdf)             \includegraphics on input line 505.
Package epstopdf Info: Output file is already uptodate.
<figures/CBCencrypt-eps-converted-to.pdf, id=475, 1291.82625pt x 485.815pt>
File: figures/CBCencrypt-eps-converted-to.pdf Graphic file (type pdf)

<use figures/CBCencrypt-eps-converted-to.pdf>
Package pdftex.def Info: figures/CBCencrypt-eps-converted-to.pdf used on input 
line 505.
(pdftex.def)             Requested size: 418.25368pt x 157.28755pt.
Package epstopdf Info: Source file: <figures/CBCdecrypt.eps>
(epstopdf)                    date: 2015-03-06 19:05:35
(epstopdf)                    size: 18818 bytes
(epstopdf)             Output file: <figures/CBCdecrypt-eps-converted-to.pdf>
(epstopdf)                    date: 2015-03-15 19:26:35
(epstopdf)                    size: 7492 bytes
(epstopdf)             Command: <repstopdf --outfile=figures/CBCdecrypt-eps-con
verted-to.pdf figures/CBCdecrypt.eps>
(epstopdf)             \includegraphics on input line 512.
Package epstopdf Info: Output file is already uptodate.

<figures/CBCdecrypt-eps-converted-to.pdf, id=476, 1289.81876pt x 485.815pt>
File: figures/CBCdecrypt-eps-converted-to.pdf Graphic file (type pdf)

<use figures/CBCdecrypt-eps-converted-to.pdf>
Package pdftex.def Info: figures/CBCdecrypt-eps-converted-to.pdf used on input 
line 512.
(pdftex.def)             Requested size: 418.25368pt x 157.53218pt.
Package epstopdf Info: Source file: <figures/CTR.eps>
(epstopdf)                    date: 2015-03-13 19:53:04
(epstopdf)                    size: 16376 bytes
(epstopdf)             Output file: <figures/CTR-eps-converted-to.pdf>
(epstopdf)                    date: 2015-03-15 19:26:36
(epstopdf)                    size: 6930 bytes
(epstopdf)             Command: <repstopdf --outfile=figures/CTR-eps-converted-
to.pdf figures/CTR.eps>
(epstopdf)             \includegraphics on input line 527.
Package epstopdf Info: Output file is already uptodate.

<figures/CTR-eps-converted-to.pdf, id=481, 1369.115pt x 643.40375pt>
File: figures/CTR-eps-converted-to.pdf Graphic file (type pdf)

<use figures/CTR-eps-converted-to.pdf>
Package pdftex.def Info: figures/CTR-eps-converted-to.pdf used on input line 52
7.
(pdftex.def)             Requested size: 418.25368pt x 196.55692pt.
 [16]
Underfull \hbox (badness 10000) in paragraph at lines 545--557

 []


Underfull \hbox (badness 10000) in paragraph at lines 545--557

 []


Underfull \hbox (badness 10000) in paragraph at lines 545--557

 []

[17 <./figures/CBCencrypt-eps-converted-to.pdf> <./figures/CBCdecrypt-eps-conve
rted-to.pdf>]
Package epstopdf Info: Source file: <figures/CFB.eps>
(epstopdf)                    date: 2015-03-13 13:22:28
(epstopdf)                    size: 21093 bytes
(epstopdf)             Output file: <figures/CFB-eps-converted-to.pdf>
(epstopdf)                    date: 2015-03-15 19:26:37
(epstopdf)                    size: 7024 bytes
(epstopdf)             Command: <repstopdf --outfile=figures/CFB-eps-converted-
to.pdf figures/CFB.eps>
(epstopdf)             \includegraphics on input line 562.
Package epstopdf Info: Output file is already uptodate.

<figures/CFB-eps-converted-to.pdf, id=527, 1351.0475pt x 456.70625pt>
File: figures/CFB-eps-converted-to.pdf Graphic file (type pdf)

<use figures/CFB-eps-converted-to.pdf>
Package pdftex.def Info: figures/CFB-eps-converted-to.pdf used on input line 56
2.
(pdftex.def)             Requested size: 418.25368pt x 141.38234pt.

Underfull \hbox (badness 10000) in paragraph at lines 569--583

 []


Underfull \hbox (badness 10000) in paragraph at lines 569--583

 []


Underfull \hbox (badness 10000) in paragraph at lines 569--583

 []

[18 <./figures/CTR-eps-converted-to.pdf>]
Package epstopdf Info: Source file: <figures/OFB.eps>
(epstopdf)                    date: 2015-03-13 14:18:41
(epstopdf)                    size: 22429 bytes
(epstopdf)             Output file: <figures/OFB-eps-converted-to.pdf>
(epstopdf)                    date: 2015-03-15 19:26:37
(epstopdf)                    size: 7017 bytes
(epstopdf)             Command: <repstopdf --outfile=figures/OFB-eps-converted-
to.pdf figures/OFB.eps>
(epstopdf)             \includegraphics on input line 586.
Package epstopdf Info: Output file is already uptodate.

<figures/OFB-eps-converted-to.pdf, id=545, 1351.0475pt x 456.70625pt>
File: figures/OFB-eps-converted-to.pdf Graphic file (type pdf)

<use figures/OFB-eps-converted-to.pdf>
Package pdftex.def Info: figures/OFB-eps-converted-to.pdf used on input line 58
6.
(pdftex.def)             Requested size: 418.25368pt x 141.38234pt.

Underfull \hbox (badness 10000) in paragraph at lines 593--609

 []


Underfull \hbox (badness 10000) in paragraph at lines 593--609

 []

[19 <./figures/CFB-eps-converted-to.pdf> <./figures/OFB-eps-converted-to.pdf>]
Underfull \hbox (badness 10000) in paragraph at lines 610--616

 []


Underfull \hbox (badness 10000) in paragraph at lines 619--628

 []

[20]
Underfull \hbox (badness 10000) in paragraph at lines 629--635

 []


Underfull \hbox (badness 10000) in paragraph at lines 636--639

 []


Underfull \hbox (badness 10000) in paragraph at lines 640--644

 []


Underfull \hbox (badness 10000) in paragraph at lines 661--672

 []


Underfull \hbox (badness 10000) in paragraph at lines 661--672

 []

[21]
Underfull \hbox (badness 10000) in paragraph at lines 679--693

 []


Underfull \hbox (badness 10000) in paragraph at lines 679--693

 []


Underfull \hbox (badness 10000) in paragraph at lines 679--693

 []

[22] [23]
Package epstopdf Info: Source file: <figures/CBCMac.eps>
(epstopdf)                    date: 2015-03-06 19:04:00
(epstopdf)                    size: 18270 bytes
(epstopdf)             Output file: <figures/CBCMac-eps-converted-to.pdf>
(epstopdf)                    date: 2015-03-15 19:26:38
(epstopdf)                    size: 7130 bytes
(epstopdf)             Command: <repstopdf --outfile=figures/CBCMac-eps-convert
ed-to.pdf figures/CBCMac.eps>
(epstopdf)             \includegraphics on input line 789.
Package epstopdf Info: Output file is already uptodate.

<figures/CBCMac-eps-converted-to.pdf, id=626, 1306.8825pt x 428.60126pt>
File: figures/CBCMac-eps-converted-to.pdf Graphic file (type pdf)

<use figures/CBCMac-eps-converted-to.pdf>
Package pdftex.def Info: figures/CBCMac-eps-converted-to.pdf used on input line
 789.
(pdftex.def)             Requested size: 418.25368pt x 137.16827pt.
Package epstopdf Info: Source file: <figures/CBCIVFlags.eps>
(epstopdf)                    date: 2015-03-06 19:07:36
(epstopdf)                    size: 12529 bytes
(epstopdf)             Output file: <figures/CBCIVFlags-eps-converted-to.pdf>
(epstopdf)                    date: 2015-03-15 19:26:39
(epstopdf)                    size: 5339 bytes
(epstopdf)             Command: <repstopdf --outfile=figures/CBCIVFlags-eps-con
verted-to.pdf figures/CBCIVFlags.eps>
(epstopdf)             \includegraphics on input line 796.
Package epstopdf Info: Output file is already uptodate.

<figures/CBCIVFlags-eps-converted-to.pdf, id=627, 460.72125pt x 78.2925pt>
File: figures/CBCIVFlags-eps-converted-to.pdf Graphic file (type pdf)

<use figures/CBCIVFlags-eps-converted-to.pdf>
Package pdftex.def Info: figures/CBCIVFlags-eps-converted-to.pdf used on input 
line 796.
(pdftex.def)             Requested size: 209.12683pt x 35.53711pt.
 [24] [25 <./figures/CBCMac-eps-converted-to.pdf> <./figures/CBCIVFlags-eps-con
verted-to.pdf>]
<figures/"CCM CBC IV".png, id=669, 654.445pt x 63.23625pt>
File: figures/"CCM CBC IV".png Graphic file (type png)

<use figures/"CCM CBC IV".png>
Package pdftex.def Info: figures/"CCM CBC IV".png used on input line 832.
(pdftex.def)             Requested size: 209.12683pt x 20.20706pt.
 [26 <./figures/CCM CBC IV.png>]
Underfull \hbox (badness 10000) in paragraph at lines 889--891

 []

[27]) (./chapters/SOAsecurityBA.tex

Package hyperref Warning: Token not allowed in a PDF string (PDFDocEncoding):
(hyperref)                removing `\gls' on input line 1.

) [28] (./chapters/knxGeneral.tex) (./chapters/knxLayers.tex [29

]
Package epstopdf Info: Source file: <figures/KNXvsISO.eps>
(epstopdf)                    date: 2015-02-14 17:18:26
(epstopdf)                    size: 15878 bytes
(epstopdf)             Output file: <figures/KNXvsISO-eps-converted-to.pdf>
(epstopdf)                    date: 2015-03-15 19:26:39
(epstopdf)                    size: 5735 bytes
(epstopdf)             Command: <repstopdf --outfile=figures/KNXvsISO-eps-conve
rted-to.pdf figures/KNXvsISO.eps>
(epstopdf)             \includegraphics on input line 15.
Package epstopdf Info: Output file is already uptodate.

<figures/KNXvsISO-eps-converted-to.pdf, id=733, 709.65125pt x 391.4625pt>
File: figures/KNXvsISO-eps-converted-to.pdf Graphic file (type pdf)

<use figures/KNXvsISO-eps-converted-to.pdf>
Package pdftex.def Info: figures/KNXvsISO-eps-converted-to.pdf used on input li
ne 15.
(pdftex.def)             Requested size: 292.77629pt x 161.50415pt.

Underfull \hbox (badness 10000) in paragraph at lines 30--32

 []

[30 <./figures/KNXvsISO-eps-converted-to.pdf>] [31]
<figures/ctrl.pdf, id=798, 413.11198pt x 119.6485pt>
File: figures/ctrl.pdf Graphic file (type pdf)
 <use figures/ctrl.pdf>
Package pdftex.def Info: figures/ctrl.pdf used on input line 78.
(pdftex.def)             Requested size: 418.25368pt x 121.1416pt.

[32 <./figures/ctrl.pdf>]
<figures/standardframe.pdf, id=1011, 279.32355pt x 57.19156pt>
File: figures/standardframe.pdf Graphic file (type pdf)

<use figures/standardframe.pdf>
Package pdftex.def Info: figures/standardframe.pdf used on input line 103.
(pdftex.def)             Requested size: 334.60422pt x 68.51257pt.
Package epstopdf Info: Source file: <figures/standardFrame.eps>
(epstopdf)                    date: 2015-02-19 15:32:21
(epstopdf)                    size: 18909 bytes
(epstopdf)             Output file: <figures/standardFrame-eps-converted-to.pdf
>
(epstopdf)                    date: 2015-03-15 19:26:40
(epstopdf)                    size: 7715 bytes
(epstopdf)             Command: <repstopdf --outfile=figures/standardFrame-eps-
converted-to.pdf figures/standardFrame.eps>
(epstopdf)             \includegraphics on input line 110.
Package epstopdf Info: Output file is already uptodate.

<figures/standardFrame-eps-converted-to.pdf, id=1012, 948.54375pt x 302.12875pt
>
File: figures/standardFrame-eps-converted-to.pdf Graphic file (type pdf)
 <use figures/standardFrame-eps-converted-to.pdf>
Package pdftex.def Info: figures/standardFrame-eps-converted-to.pdf used on inp
ut line 110.
(pdftex.def)             Requested size: 334.60422pt x 106.57646pt.

<figures/extendedframe.pdf, id=1015, 321.96286pt x 36.47417pt>
File: figures/extendedframe.pdf Graphic file (type pdf)

<use figures/extendedframe.pdf>
Package pdftex.def Info: figures/extendedframe.pdf used on input line 124.
(pdftex.def)             Requested size: 334.60422pt x 37.90884pt.

<figures/CTRLE.pdf, id=1016, 328.75067pt x 152.89265pt>
File: figures/CTRLE.pdf Graphic file (type pdf)

<use figures/CTRLE.pdf>
Package pdftex.def Info: figures/CTRLE.pdf used on input line 131.
(pdftex.def)             Requested size: 334.60422pt x 155.62881pt.
 [33 <./figures/standardframe.pdf> <./figures/standardFrame-eps-converted-to.pd
f>] [34 <./figures/extendedframe.pdf> <./figures/CTRLE.pdf

pdfTeX warning: /usr/bin/pdflatex (file ./figures/CTRLE.pdf): PDF inclusion: mu
ltiple pdfs with page group included in a single page
>] <figures/addresses.pdf, id=1256, 473.65155pt x 93.46921pt>
File: figures/addresses.pdf Graphic file (type pdf)

<use figures/addresses.pdf>
Package pdftex.def Info: figures/addresses.pdf used on input line 165.
(pdftex.def)             Requested size: 334.60422pt x 66.03271pt.
Package epstopdf Info: Source file: <figures/TransportHandshake.eps>
(epstopdf)                    date: 2015-02-14 18:59:53
(epstopdf)                    size: 12015 bytes
(epstopdf)             Output file: <figures/TransportHandshake-eps-converted-t
o.pdf>
(epstopdf)                    date: 2015-03-15 19:26:41
(epstopdf)                    size: 5950 bytes
(epstopdf)             Command: <repstopdf --outfile=figures/TransportHandshake
-eps-converted-to.pdf figures/TransportHandshake.eps>
(epstopdf)             \includegraphics on input line 194.
Package epstopdf Info: Output file is already uptodate.

<figures/TransportHandshake-eps-converted-to.pdf, id=1269, 428.60126pt x 424.58
624pt>
File: figures/TransportHandshake-eps-converted-to.pdf Graphic file (type pdf)
 <use figures/TransportHandshake-eps-converted-to.pdf>
Package pdftex.def Info: figures/TransportHandshake-eps-converted-to.pdf used o
n input line 194.
(pdftex.def)             Requested size: 209.12683pt x 207.16798pt.

<figures/"transport flags".png, id=1270, 646.415pt x 473.77pt>
File: figures/"transport flags".png Graphic file (type png)

<use figures/"transport flags".png>
Package pdftex.def Info: figures/"transport flags".png used on input line 201.
(pdftex.def)             Requested size: 334.60422pt x 245.23407pt.
 [35 <./figures/addresses.pdf>] [36 <./figures/TransportHandshake-eps-converted
-to.pdf> <./figures/transport flags.png>])
(./chapters/knxSecurity.tex
Underfull \hbox (badness 10000) in paragraph at lines 9--11

 []


Underfull \hbox (badness 10000) in paragraph at lines 15--17

 []

[37] [38] [39]) (./chapters/knxConclusion.tex) [40]
(./chapters/securityconcept.tex [41

]
Package epstopdf Info: Source file: <figures/SecureArea.eps>
(epstopdf)                    date: 2015-03-15 19:30:24
(epstopdf)                    size: 13681 bytes
(epstopdf)             Output file: <figures/SecureArea-eps-converted-to.pdf>
(epstopdf)                    date: 2015-03-15 19:30:29
(epstopdf)                    size: 6327 bytes
(epstopdf)             Command: <repstopdf --outfile=figures/SecureArea-eps-con
verted-to.pdf figures/SecureArea.eps>
(epstopdf)             \includegraphics on input line 37.
Package epstopdf Info: Output file is already uptodate.

<figures/SecureArea-eps-converted-to.pdf, id=1426, 924.45375pt x 414.54875pt>
File: figures/SecureArea-eps-converted-to.pdf Graphic file (type pdf)

<use figures/SecureArea-eps-converted-to.pdf>
Package pdftex.def Info: figures/SecureArea-eps-converted-to.pdf used on input 
line 37.
(pdftex.def)             Requested size: 334.60422pt x 150.04709pt.
 [42 <./figures/SecureArea-eps-converted-to.pdf>] (./figures/firewall.tex
\du=\skip261
) [43] [44] [45] [46] [47] [48]
<figures/dh-group_round1.png, id=1475, 764.8575pt x 291.0875pt>
File: figures/dh-group_round1.png Graphic file (type png)

<use figures/dh-group_round1.png>
Package pdftex.def Info: figures/dh-group_round1.png used on input line 261.
(pdftex.def)             Requested size: 334.60422pt x 127.34157pt.

<figures/dh-group_round2.png, id=1476, 764.8575pt x 279.0425pt>
File: figures/dh-group_round2.png Graphic file (type png)

<use figures/dh-group_round2.png>
Package pdftex.def Info: figures/dh-group_round2.png used on input line 268.
(pdftex.def)             Requested size: 334.60422pt x 122.07227pt.
 [49 <./figures/dh-group_round1.png> <./figures/dh-group_round2.png>]
Underfull \hbox (badness 10000) in paragraph at lines 315--324

 []

[50] <figures/dh2parties.png, id=1500, 556.0775pt x 167.62625pt>
File: figures/dh2parties.png Graphic file (type png)

<use figures/dh2parties.png>
Package pdftex.def Info: figures/dh2parties.png used on input line 344.
(pdftex.def)             Requested size: 334.60422pt x 100.86554pt.

<figures/dh3parties.png, id=1501, 762.85pt x 299.1175pt>
File: figures/dh3parties.png Graphic file (type png)

<use figures/dh3parties.png>
Package pdftex.def Info: figures/dh3parties.png used on input line 350.
(pdftex.def)             Requested size: 334.60422pt x 131.19676pt.
 [51 <./figures/dh2parties.png> <./figures/dh3parties.png>] [52]) [53] (./chapt
ers/implementation.tex) [54

] (./chapters/app.tex
LaTeX Font Info:    Try loading font information for T1+pcr on input line 11.

(/usr/share/texlive/texmf-dist/tex/latex/psnfss/t1pcr.fd
File: t1pcr.fd 2001/06/04 font definitions for T1/pcr.
)
Overfull \hbox (2.57097pt too wide) in paragraph at lines 11--12
[][][]$\T1/pcr/m/n/12 http : / / downloads . raspberrypi . org / raspbian _ lat
est . torrent$[][] 
 []

(/usr/share/texlive/texmf-dist/tex/latex/listings/lstlang1.sty
File: lstlang1.sty 2004/09/05 1.3 listings language file
)
(/usr/share/texlive/texmf-dist/tex/latex/listings/lstlang1.sty
File: lstlang1.sty 2004/09/05 1.3 listings language file
)
LaTeX Font Info:    Font shape `T1/phv/m/n' will be
(Font)              scaled to size 10.40245pt on input line 17.
LaTeX Font Info:    Font shape `T1/phv/m/it' in size <10.95> not available
(Font)              Font shape `T1/phv/m/sl' tried instead on input line 18.
LaTeX Font Info:    Font shape `T1/phv/m/sl' will be
(Font)              scaled to size 10.40245pt on input line 18.
 [55

] [56]
Overfull \hbox (9.77097pt too wide) in paragraph at lines 95--97
[][][]$\T1/pcr/m/n/12 https : / / www . auto . tuwien . ac . at / ~mkoegler / p
th / pthsem _ 2 . 0 . 8 .
 []


Overfull \hbox (1.44205pt too wide) in paragraph at lines 98--100
\T1/ptm/m/n/12 First the pth-sem shared li-brary, which of-fers user mode multi
 thread-ing with semaphores,
 []

[57]

Package hyperref Warning: Token not allowed in a PDF string (PDFDocEncoding):
(hyperref)                removing `\gls' on input line 134.

[58] <figures/busware.png, id=1630, 836.12375pt x 393.47pt>
File: figures/busware.png Graphic file (type png)

<use figures/busware.png>
Package pdftex.def Info: figures/busware.png used on input line 168.
(pdftex.def)             Requested size: 167.22179pt x 78.6926pt.
 [59 <./figures/busware.png>]
Package hyperref Info: bookmark level for unknown lstlisting defaults to 0 on i
nput line 182.
 (../src/Makefile
[60

]
LaTeX Font Info:    Try loading font information for OMS+phv on input line 14.
 (/usr/share/texlive/texmf-dist/tex/latex/psnfss/omsphv.fd
File: omsphv.fd 
)
LaTeX Font Info:    Font shape `OMS/phv/m/n' in size <10.95> not available
(Font)              Font shape `OMS/cmsy/m/n' tried instead on input line 14.
)) (./thesis.gls [61] [62


] [63] [64]) [65]
Overfull \hbox (0.11446pt too wide) in paragraph at lines 198--198
[]\T1/ptm/m/n/12 C.E. Shan-non. ``Com-mu-ni-ca-tion the-ory of se-crecy sys-tem
s''. In: \T1/ptm/m/it/12 Bell Sys-tem Tech-
 []


Overfull \hbox (8.44537pt too wide) in paragraph at lines 198--198
[]\T1/ptm/m/n/12 R. Gen-naro. ``Ran-dom-ness in cryp-tog-ra-phy''. In: \T1/ptm/
m/it/12 Se-cu-rity Pri-vacy, IEEE \T1/ptm/m/n/12 4.2 (2006),
 []


Overfull \hbox (9.98795pt too wide) in paragraph at lines 198--198
\T1/pcr/m/n/12 nist . gov / groups / ST / toolkit / rng / documents / SP800 -[]
 22rev1a .
 []


Overfull \hbox (0.62143pt too wide) in paragraph at lines 198--198
[]\T1/ptm/m/n/12 National In-sti-tute of Stan-dards and Tech-nol-ogy. \T1/ptm/m
/it/12 Data En-cryp-tion Stan-dard @ON-
 []

[66

]
Overfull \hbox (9.92923pt too wide) in paragraph at lines 198--198
[]\T1/ptm/m/n/12 Lukas Kram-mer et al. ``Se-cu-rity Er-weiterung fuer den KNX S
tan-dard''. In: \T1/ptm/m/it/12 Tagungs-
 []

[67]
Overfull \hbox (31.58794pt too wide) in paragraph at lines 198--198
\T1/pcr/m/n/12 fileadmin / downloads / 08 % 20 -[] %20KNX % 20Flyers / KNX % 20
Solutions /
 []


Overfull \hbox (13.49458pt too wide) in paragraph at lines 198--198
\T1/ptm/m/n/12 us-ing Diffie-Hellman and AES al-go-rithms''. In: \T1/ptm/m/it/1
2 In-dus-trial Elec-tron-ics, 2009. IECON
 []


Class memoir Warning: The material used in the headers is too large
(78.7743pt) for the given head height (14.5pt), it is recommended to
either increase the head height or redesign the header
(in both cases you will find help in the memoir manual). on input line 199.

[68]
\tf@toc=\write9
\openout9 = `thesis.toc'.

Package atveryend Info: Empty hook `BeforeClearDocument' on input line 199.
Package atveryend Info: Empty hook `AfterLastShipout' on input line 199.
 (./thesis.aux (./titlepage.aux) (./titlepage_en.aux))
Package atveryend Info: Executing hook `AtVeryEndDocument' on input line 199.
Package atveryend Info: Executing hook `AtEndAfterFileList' on input line 199.
Package rerunfilecheck Info: File `thesis.out' has not changed.
(rerunfilecheck)             Checksum: 4B7A4D79C3649BE84F87F771517FBEAA;1808.


LaTeX Warning: There were undefined references.

Package logreq Info: Writing requests to 'thesis.run.xml'.
\openout1 = `thesis.run.xml'.

Package atveryend Info: Empty hook `AtVeryVeryEnd' on input line 199.
 ) 
Here is how much of TeX's memory you used:
 33206 strings out of 495059
 550520 string characters out of 3182030
 1038902 words of memory out of 3000000
 35313 multiletter control sequences out of 15000+200000
 92929 words of font info for 110 fonts, out of 3000000 for 9000
 16 hyphenation exceptions out of 8191
 69i,19n,122p,1426b,1978s stack positions out of 5000i,500n,10000p,200000b,50000s
pdfTeX warning (dest): name{glo:ecdh} has been referenced but does not exist,
 replaced by a fixed one

{/usr/share/texlive/texmf-dist/fonts/enc/dvips/base/8r.enc}</usr/share/texlive/
texmf-dist/fonts/type1/public/amsfonts/cm/cmex10.pfb></usr/share/texlive/texmf-
dist/fonts/type1/public/amsfonts/cm/cmmi12.pfb></usr/share/texlive/texmf-dist/f
onts/type1/public/amsfonts/cm/cmmi6.pfb></usr/share/texlive/texmf-dist/fonts/ty
pe1/public/amsfonts/cm/cmmi8.pfb></usr/share/texlive/texmf-dist/fonts/type1/pub
lic/amsfonts/cm/cmr12.pfb></usr/share/texlive/texmf-dist/fonts/type1/public/ams
fonts/cm/cmr6.pfb></usr/share/texlive/texmf-dist/fonts/type1/public/amsfonts/cm
/cmr8.pfb></usr/share/texlive/texmf-dist/fonts/type1/public/amsfonts/cm/cmsy10.
pfb></usr/share/texlive/texmf-dist/fonts/type1/public/amsfonts/cm/cmsy8.pfb></u
sr/share/texlive/texmf-dist/fonts/type1/public/amsfonts/symbols/msam10.pfb></us
r/share/texlive/texmf-dist/fonts/type1/public/amsfonts/symbols/msbm10.pfb></usr
/share/texlive/texmf-dist/fonts/type1/urw/courier/ucrr8a.pfb></usr/share/texliv
e/texmf-dist/fonts/type1/urw/helvetic/uhvb8a.pfb></usr/share/texlive/texmf-dist
/fonts/type1/urw/helvetic/uhvr8a.pfb></usr/share/texlive/texmf-dist/fonts/type1
/urw/helvetic/uhvro8a.pfb></usr/share/texlive/texmf-dist/fonts/type1/urw/times/
utmb8a.pfb></usr/share/texlive/texmf-dist/fonts/type1/urw/times/utmr8a.pfb></us
r/share/texlive/texmf-dist/fonts/type1/urw/times/utmri8a.pfb>
Output written on thesis.pdf (76 pages, 1365187 bytes).
PDF statistics:
 2030 PDF objects out of 2073 (max. 8388607)
 1724 compressed objects within 18 object streams
 435 named destinations out of 1000 (max. 500000)
 413 words of extra memory for PDF output out of 10000 (max. 10000000)

