\BOOKMARK [0][-]{chapter.1}{Introduction}{}% 1
\BOOKMARK [1][-]{section.1.1}{General Information}{chapter.1}% 2
\BOOKMARK [1][-]{section.1.2}{Organizational Issues}{chapter.1}% 3
\BOOKMARK [1][-]{section.1.3}{Structure of the Master's Thesis}{chapter.1}% 4
\BOOKMARK [0][-]{chapter.2}{State of the art}{}% 5
\BOOKMARK [1][-]{section.2.1}{Security}{chapter.2}% 6
\BOOKMARK [1][-]{section.2.2}{Cryptography}{chapter.2}% 7
\BOOKMARK [1][-]{section.2.3}{Randomness and Probabilistic Theory}{chapter.2}% 8
\BOOKMARK [1][-]{section.2.4}{Symmetric vs. Asymmetric Cryptography}{chapter.2}% 9
\BOOKMARK [1][-]{section.2.5}{Authenticated Encryption}{chapter.2}% 10
\BOOKMARK [1][-]{section.2.6}{Public Key Cryptography}{chapter.2}% 11
\BOOKMARK [1][-]{section.2.7}{Attacks on Ciphers}{chapter.2}% 12
\BOOKMARK [1][-]{section.2.8}{Propabilistic Theory}{chapter.2}% 13
\BOOKMARK [1][-]{section.2.9}{Security in hba}{chapter.2}% 14
\BOOKMARK [0][-]{chapter.3}{KNX}{}% 15
\BOOKMARK [1][-]{section.3.1}{Introduction}{chapter.3}% 16
\BOOKMARK [1][-]{section.3.2}{KNX Layers}{chapter.3}% 17
\BOOKMARK [1][-]{section.3.3}{KNX security concept}{chapter.3}% 18
\BOOKMARK [1][-]{section.3.4}{Summary}{chapter.3}% 19
\BOOKMARK [0][-]{chapter.4}{Solution}{}% 20
\BOOKMARK [1][-]{section.4.1}{Basic Assumptions}{chapter.4}% 21
\BOOKMARK [1][-]{section.4.2}{Key Derivation}{chapter.4}% 22
\BOOKMARK [0][-]{chapter.5}{Implementation}{}% 23
\BOOKMARK [1][-]{section.5.1}{Master daemon}{chapter.5}% 24
\BOOKMARK [0][-]{appendix.A}{Setup of the base system}{}% 25
\BOOKMARK [1][-]{section.A.1}{Raspbian}{appendix.A}% 26
\BOOKMARK [1][-]{section.A.2}{EIBD}{appendix.A}% 27
\BOOKMARK [1][-]{section.A.3}{Revision control}{appendix.A}% 28
\BOOKMARK [1][-]{section.A.4}{Busware usb couplers}{appendix.A}% 29
\BOOKMARK [1][-]{section.A.5}{UDEV}{appendix.A}% 30
\BOOKMARK [1][-]{section.A.6}{Test setup}{appendix.A}% 31
\BOOKMARK [0][-]{appendix.B}{Code snippets and configuration files}{}% 32
\BOOKMARK [0][-]{section*.66}{Bibliography}{}% 33
